{"C:\\Users\\this PC\\Desktop\\backend-task-2nd-round\\src\\index.js":{"path":"C:\\Users\\this PC\\Desktop\\backend-task-2nd-round\\src\\index.js","statementMap":{"0":{"start":{"line":3,"column":0},"end":{"line":5,"column":3}},"1":{"start":{"line":6,"column":0},"end":{"line":6,"column":28}},"2":{"start":{"line":8,"column":12},"end":{"line":8,"column":51}},"3":{"start":{"line":10,"column":14},"end":{"line":10,"column":55}},"4":{"start":{"line":12,"column":15},"end":{"line":12,"column":57}},"5":{"start":{"line":14,"column":16},"end":{"line":14,"column":59}},"6":{"start":{"line":16,"column":24},"end":{"line":16,"column":77}},"7":{"start":{"line":18,"column":14},"end":{"line":18,"column":57}},"8":{"start":{"line":20,"column":15},"end":{"line":20,"column":65}},"9":{"start":{"line":22,"column":39},"end":{"line":22,"column":95}},"10":{"start":{"line":24,"column":0},"end":{"line":24,"column":28}},"11":{"start":{"line":26,"column":10},"end":{"line":26,"column":36}},"12":{"start":{"line":27,"column":0},"end":{"line":27,"column":36}},"13":{"start":{"line":28,"column":0},"end":{"line":28,"column":33}},"14":{"start":{"line":30,"column":0},"end":{"line":33,"column":3}},"15":{"start":{"line":35,"column":0},"end":{"line":37,"column":3}},"16":{"start":{"line":36,"column":2},"end":{"line":36,"column":46}},"17":{"start":{"line":39,"column":0},"end":{"line":41,"column":3}},"18":{"start":{"line":40,"column":2},"end":{"line":40,"column":38}},"19":{"start":{"line":43,"column":0},"end":{"line":43,"column":36}},"20":{"start":{"line":44,"column":0},"end":{"line":44,"column":123}},"21":{"start":{"line":45,"column":0},"end":{"line":50,"column":3}},"22":{"start":{"line":46,"column":2},"end":{"line":49,"column":5}},"23":{"start":{"line":51,"column":0},"end":{"line":53,"column":3}},"24":{"start":{"line":52,"column":2},"end":{"line":52,"column":53}},"25":{"start":{"line":54,"column":15},"end":{"line":54,"column":18}},"26":{"start":{"line":55,"column":0},"end":{"line":55,"column":30}}},"fnMap":{"0":{"name":"_interopRequireDefault","decl":{"start":{"line":22,"column":9},"end":{"line":22,"column":31}},"loc":{"start":{"line":22,"column":37},"end":{"line":22,"column":97}},"line":22},"1":{"name":"(anonymous_1)","decl":{"start":{"line":35,"column":44},"end":{"line":35,"column":45}},"loc":{"start":{"line":35,"column":59},"end":{"line":37,"column":1}},"line":35},"2":{"name":"(anonymous_2)","decl":{"start":{"line":39,"column":48},"end":{"line":39,"column":49}},"loc":{"start":{"line":39,"column":60},"end":{"line":41,"column":1}},"line":39},"3":{"name":"(anonymous_3)","decl":{"start":{"line":45,"column":14},"end":{"line":45,"column":15}},"loc":{"start":{"line":45,"column":34},"end":{"line":50,"column":1}},"line":45},"4":{"name":"(anonymous_4)","decl":{"start":{"line":51,"column":29},"end":{"line":51,"column":30}},"loc":{"start":{"line":51,"column":41},"end":{"line":53,"column":1}},"line":51}},"branchMap":{"0":{"loc":{"start":{"line":22,"column":46},"end":{"line":22,"column":94}},"type":"cond-expr","locations":[{"start":{"line":22,"column":70},"end":{"line":22,"column":73}},{"start":{"line":22,"column":76},"end":{"line":22,"column":94}}],"line":22},"1":{"loc":{"start":{"line":22,"column":46},"end":{"line":22,"column":67}},"type":"binary-expr","locations":[{"start":{"line":22,"column":46},"end":{"line":22,"column":49}},{"start":{"line":22,"column":53},"end":{"line":22,"column":67}}],"line":22}},"s":{"0":1,"1":1,"2":1,"3":1,"4":1,"5":1,"6":1,"7":1,"8":1,"9":7,"10":1,"11":1,"12":1,"13":1,"14":1,"15":1,"16":0,"17":1,"18":1,"19":1,"20":1,"21":1,"22":0,"23":1,"24":1,"25":1,"26":1},"f":{"0":7,"1":0,"2":1,"3":0,"4":1},"b":{"0":[1,6],"1":[7,7]},"inputSourceMap":{"version":3,"sources":["index.js"],"names":["dotenv","config","app","use","express","json","mongoose","connect","process","env","DB","useNewUrlParser","useUnifiedTopology","connection","on","err","console","log","allRoutes","swaggerUi","serve","setup","apiDocumentation","get","req","res","status","message","listen","PORT"],"mappings":";;;;;;;AAAA;;AACA;;AACA;;AACA;;AACA;;AAEA;;AACA;;;;AAEAA,mBAAOC,MAAP;;AACA,IAAMC,GAAG,GAAG,0BAAZ;AACAA,GAAG,CAACC,GAAJ,CAAQC,oBAAQC,IAAR,EAAR;AACAH,GAAG,CAACC,GAAJ,CAAQ,uBAAR;;AAEAG,qBAASC,OAAT,CAAiBC,OAAO,CAACC,GAAR,CAAYC,EAA7B,EAAiC;AAAEC,EAAAA,eAAe,EAAE,IAAnB;AAAyBC,EAAAA,kBAAkB,EAAE;AAA7C,CAAjC;;AACAN,qBAASO,UAAT,CAAoBC,EAApB,CAAuB,OAAvB,EAAgC,UAACC,GAAD,EAAS;AAAEC,EAAAA,OAAO,CAACC,GAAR,2BAA+BF,GAA/B;AAAwC,CAAnF;;AACAT,qBAASO,UAAT,CAAoBC,EAApB,CAAuB,WAAvB,EAAoC,YAAM;AAAEE,EAAAA,OAAO,CAACC,GAAR,CAAY,sBAAZ;AAAsC,CAAlF;;AAEAf,GAAG,CAACC,GAAJ,CAAQ,MAAR,EAAgBe,kBAAhB;AACAhB,GAAG,CAACC,GAAJ,uBAA8BgB,6BAAUC,KAAxC,EAA+CD,6BAAUE,KAAV,CAAgBC,mBAAhB,CAA/C;AACApB,GAAG,CAACqB,GAAJ,CAAQ,IAAR,EAAc,UAACC,GAAD,EAAMC,GAAN;AAAA,SAAcA,GAAG,CAACC,MAAJ,CAAW,GAAX,EAAgBrB,IAAhB,CAAqB;AAAEqB,IAAAA,MAAM,EAAE,GAAV;AAAeC,IAAAA,OAAO;AAAtB,GAArB,CAAd;AAAA,CAAd;AAEAzB,GAAG,CAAC0B,MAAJ,CAAWpB,OAAO,CAACC,GAAR,CAAYoB,IAAvB,EAA6B,YAAM;AAAEb,EAAAA,OAAO,CAACC,GAAR,CAAY,mBAAZ,EAAiCT,OAAO,CAACC,GAAR,CAAYoB,IAA7C;AAAqD,CAA1F;eAEe3B,G","sourceRoot":"C:\\Users\\this PC\\Desktop\\backend-task-2nd-round\\src\\","sourcesContent":["import cors from 'cors';\r\nimport dotenv from 'dotenv';\r\nimport express from 'express';\r\nimport mongoose from 'mongoose';\r\nimport swaggerUi from 'swagger-ui-express';\r\n\r\nimport allRoutes from './routes';\r\nimport apiDocumentation from '../swagger.json';\r\n\r\ndotenv.config();\r\nconst app = express();\r\napp.use(express.json());\r\napp.use(cors());\r\n\r\nmongoose.connect(process.env.DB, { useNewUrlParser: true, useUnifiedTopology: true });\r\nmongoose.connection.on('error', (err) => { console.log(`Error at mongo: ${err}`); });\r\nmongoose.connection.on('connected', () => { console.log('Connected to mongoDB'); });\r\n\r\napp.use('/api', allRoutes);\r\napp.use(`/api/documentation`, swaggerUi.serve, swaggerUi.setup(apiDocumentation));\r\napp.get('**', (req, res) => res.status(200).json({ status: 200, message: `Welcome to backend-task-2nd-round` }));\r\n\r\napp.listen(process.env.PORT, () => { console.log('Server Started on', process.env.PORT); });\r\n\r\nexport default app;\r\n"]},"_coverageSchema":"1a1c01bbd47fc00a2c39e90264f33305004495a9","hash":"cb928ba989a72d31ad99ce93a301ec67c8d93de2","contentHash":"03b6827ffa7e9b828e21ad8fc4fa4ca8b247cf1a5fce069d1411fc294c011124"},"C:\\Users\\this PC\\Desktop\\backend-task-2nd-round\\src\\routes\\index.js":{"path":"C:\\Users\\this PC\\Desktop\\backend-task-2nd-round\\src\\routes\\index.js","statementMap":{"0":{"start":{"line":3,"column":0},"end":{"line":5,"column":3}},"1":{"start":{"line":6,"column":0},"end":{"line":6,"column":28}},"2":{"start":{"line":8,"column":15},"end":{"line":8,"column":57}},"3":{"start":{"line":10,"column":21},"end":{"line":10,"column":71}},"4":{"start":{"line":12,"column":39},"end":{"line":12,"column":95}},"5":{"start":{"line":14,"column":13},"end":{"line":14,"column":39}},"6":{"start":{"line":15,"column":0},"end":{"line":15,"column":52}},"7":{"start":{"line":16,"column":15},"end":{"line":16,"column":21}},"8":{"start":{"line":17,"column":0},"end":{"line":17,"column":30}}},"fnMap":{"0":{"name":"_interopRequireDefault","decl":{"start":{"line":12,"column":9},"end":{"line":12,"column":31}},"loc":{"start":{"line":12,"column":37},"end":{"line":12,"column":97}},"line":12}},"branchMap":{"0":{"loc":{"start":{"line":12,"column":46},"end":{"line":12,"column":94}},"type":"cond-expr","locations":[{"start":{"line":12,"column":70},"end":{"line":12,"column":73}},{"start":{"line":12,"column":76},"end":{"line":12,"column":94}}],"line":12},"1":{"loc":{"start":{"line":12,"column":46},"end":{"line":12,"column":67}},"type":"binary-expr","locations":[{"start":{"line":12,"column":46},"end":{"line":12,"column":49}},{"start":{"line":12,"column":53},"end":{"line":12,"column":67}}],"line":12}},"s":{"0":1,"1":1,"2":1,"3":1,"4":2,"5":1,"6":1,"7":1,"8":1},"f":{"0":2},"b":{"0":[1,1],"1":[2,2]},"inputSourceMap":{"version":3,"sources":["index.js"],"names":["router","use","employeeRouter"],"mappings":";;;;;;;AAAA;;AACA;;;;AAEA,IAAMA,MAAM,GAAG,0BAAf;AACAA,MAAM,CAACC,GAAP,CAAW,YAAX,EAAyBC,yBAAzB;eAEeF,M","sourceRoot":"C:\\Users\\this PC\\Desktop\\backend-task-2nd-round\\src\\routes\\","sourcesContent":["import Router from 'express';\r\nimport employeeRouter from './employeeRoute';\r\n\r\nconst router = Router();\r\nrouter.use('/employees', employeeRouter);\r\n\r\nexport default router;\r\n"]},"_coverageSchema":"1a1c01bbd47fc00a2c39e90264f33305004495a9","hash":"2d451fa207e564085a600d2ed56576c0c449e658","contentHash":"2da4fac93e96fe512158b6875d0a67eed49ad521a164f1b62e8758e1bcefee49"},"C:\\Users\\this PC\\Desktop\\backend-task-2nd-round\\src\\routes\\employeeRoute.js":{"path":"C:\\Users\\this PC\\Desktop\\backend-task-2nd-round\\src\\routes\\employeeRoute.js","statementMap":{"0":{"start":{"line":3,"column":0},"end":{"line":5,"column":3}},"1":{"start":{"line":6,"column":0},"end":{"line":6,"column":28}},"2":{"start":{"line":8,"column":15},"end":{"line":8,"column":57}},"3":{"start":{"line":10,"column":25},"end":{"line":10,"column":78}},"4":{"start":{"line":12,"column":26},"end":{"line":12,"column":94}},"5":{"start":{"line":14,"column":26},"end":{"line":14,"column":94}},"6":{"start":{"line":16,"column":28},"end":{"line":16,"column":95}},"7":{"start":{"line":18,"column":24},"end":{"line":18,"column":66}},"8":{"start":{"line":20,"column":39},"end":{"line":20,"column":95}},"9":{"start":{"line":22,"column":16},"end":{"line":22,"column":52}},"10":{"start":{"line":23,"column":22},"end":{"line":23,"column":48}},"11":{"start":{"line":24,"column":0},"end":{"line":24,"column":478}},"12":{"start":{"line":25,"column":15},"end":{"line":25,"column":30}},"13":{"start":{"line":26,"column":0},"end":{"line":26,"column":30}}},"fnMap":{"0":{"name":"_interopRequireDefault","decl":{"start":{"line":20,"column":9},"end":{"line":20,"column":31}},"loc":{"start":{"line":20,"column":37},"end":{"line":20,"column":97}},"line":20}},"branchMap":{"0":{"loc":{"start":{"line":20,"column":46},"end":{"line":20,"column":94}},"type":"cond-expr","locations":[{"start":{"line":20,"column":70},"end":{"line":20,"column":73}},{"start":{"line":20,"column":76},"end":{"line":20,"column":94}}],"line":20},"1":{"loc":{"start":{"line":20,"column":46},"end":{"line":20,"column":67}},"type":"binary-expr","locations":[{"start":{"line":20,"column":46},"end":{"line":20,"column":49}},{"start":{"line":20,"column":53},"end":{"line":20,"column":67}}],"line":20}},"s":{"0":1,"1":1,"2":1,"3":1,"4":1,"5":1,"6":1,"7":1,"8":5,"9":1,"10":1,"11":1,"12":1,"13":1},"f":{"0":5},"b":{"0":[3,2],"1":[5,5]},"inputSourceMap":{"version":3,"sources":["employeeRoute.js"],"names":["multipart","employeesRouter","get","employeeController","selectEmployee","selectEmployees","paginateMiddleware","paginateData","deleteEmployee","patch","awsUploadFileService","validateUpdateEmployee","updateEmployee"],"mappings":";;;;;;;AAAA;;AACA;;AACA;;AACA;;AACA;;AACA;;;;AAEA,IAAMA,SAAS,GAAG,oCAAlB;AACA,IAAMC,eAAe,GAAG,0BAAxB;AAEAA,eAAe,CACZC,GADH,CACO,8BADP,EACuCC,+BAAmBC,cAD1D,EAEGF,GAFH,CAEO,mBAFP,EAE4BC,+BAAmBE,eAF/C,EAEgEC,+BAAmBC,YAFnF,YAIU,8BAJV,EAI0CJ,+BAAmBK,cAJ7D,EAKGC,KALH,CAKS,8BALT,EAKyCT,SALzC,EAKoDU,gCALpD,EAK0EC,wCAL1E,EAKkGR,+BAAmBS,cALrH;eAOeX,e","sourceRoot":"C:\\Users\\this PC\\Desktop\\backend-task-2nd-round\\src\\routes\\","sourcesContent":["import Router from 'express';\r\nimport multiparty from 'connect-multiparty';\r\nimport paginateMiddleware from '../middlewares/paginateMiddleware';\r\nimport employeeController from '../controllers/employeeController';\r\nimport awsUploadFileService from '../services/awsUploadFileService';\r\nimport { validateUpdateEmployee } from '../middlewares/schemaMiddleware';\r\n\r\nconst multipart = multiparty();\r\nconst employeesRouter = Router();\r\n\r\nemployeesRouter\r\n  .get('/select-employee/:employeeId', employeeController.selectEmployee)\r\n  .get('/select-employees', employeeController.selectEmployees, paginateMiddleware.paginateData)\r\n\r\n  .delete('/delete-employee/:employeeId', employeeController.deleteEmployee)\r\n  .patch('/update-employee/:employeeId', multipart, awsUploadFileService, validateUpdateEmployee, employeeController.updateEmployee);\r\n\r\nexport default employeesRouter;\r\n"]},"_coverageSchema":"1a1c01bbd47fc00a2c39e90264f33305004495a9","hash":"7b248c12a99766a01b0c43118f106f6ada292dce","contentHash":"73b7874b62a0f0a4d0f08eeb2af46aec391f19559fb322baa064f8328c975890"},"C:\\Users\\this PC\\Desktop\\backend-task-2nd-round\\src\\middlewares\\paginateMiddleware.js":{"path":"C:\\Users\\this PC\\Desktop\\backend-task-2nd-round\\src\\middlewares\\paginateMiddleware.js","statementMap":{"0":{"start":{"line":3,"column":0},"end":{"line":5,"column":3}},"1":{"start":{"line":6,"column":0},"end":{"line":6,"column":28}},"2":{"start":{"line":8,"column":18},"end":{"line":8,"column":40}},"3":{"start":{"line":10,"column":22},"end":{"line":10,"column":82}},"4":{"start":{"line":12,"column":39},"end":{"line":12,"column":95}},"5":{"start":{"line":14,"column":50},"end":{"line":14,"column":151}},"6":{"start":{"line":14,"column":92},"end":{"line":14,"column":149}},"7":{"start":{"line":16,"column":44},"end":{"line":16,"column":315}},"8":{"start":{"line":16,"column":57},"end":{"line":16,"column":58}},"9":{"start":{"line":16,"column":102},"end":{"line":16,"column":110}},"10":{"start":{"line":16,"column":112},"end":{"line":16,"column":167}},"11":{"start":{"line":16,"column":168},"end":{"line":16,"column":199}},"12":{"start":{"line":16,"column":200},"end":{"line":16,"column":254}},"13":{"start":{"line":16,"column":227},"end":{"line":16,"column":254}},"14":{"start":{"line":16,"column":255},"end":{"line":16,"column":313}},"15":{"start":{"line":18,"column":62},"end":{"line":18,"column":131}},"16":{"start":{"line":18,"column":78},"end":{"line":18,"column":131}},"17":{"start":{"line":18,"column":132},"end":{"line":18,"column":193}},"18":{"start":{"line":18,"column":149},"end":{"line":18,"column":193}},"19":{"start":{"line":18,"column":194},"end":{"line":18,"column":263}},"20":{"start":{"line":18,"column":264},"end":{"line":18,"column":283}},"21":{"start":{"line":24,"column":32},"end":{"line":70,"column":3}},"22":{"start":{"line":26,"column":4},"end":{"line":26,"column":40}},"23":{"start":{"line":29,"column":2},"end":{"line":67,"column":6}},"24":{"start":{"line":39,"column":6},"end":{"line":65,"column":7}},"25":{"start":{"line":40,"column":8},"end":{"line":40,"column":56}},"26":{"start":{"line":42,"column":8},"end":{"line":47,"column":9}},"27":{"start":{"line":43,"column":10},"end":{"line":46,"column":12}},"28":{"start":{"line":49,"column":8},"end":{"line":54,"column":9}},"29":{"start":{"line":50,"column":10},"end":{"line":53,"column":12}},"30":{"start":{"line":56,"column":19},"end":{"line":56,"column":36}},"31":{"start":{"line":58,"column":8},"end":{"line":58,"column":137}},"32":{"start":{"line":60,"column":8},"end":{"line":60,"column":56}},"33":{"start":{"line":62,"column":8},"end":{"line":62,"column":100}},"34":{"start":{"line":64,"column":8},"end":{"line":64,"column":56}},"35":{"start":{"line":69,"column":2},"end":{"line":69,"column":22}},"36":{"start":{"line":72,"column":15},"end":{"line":72,"column":27}},"37":{"start":{"line":73,"column":0},"end":{"line":73,"column":30}}},"fnMap":{"0":{"name":"_interopRequireDefault","decl":{"start":{"line":12,"column":9},"end":{"line":12,"column":31}},"loc":{"start":{"line":12,"column":37},"end":{"line":12,"column":97}},"line":12},"1":{"name":"_classCallCheck","decl":{"start":{"line":14,"column":9},"end":{"line":14,"column":24}},"loc":{"start":{"line":14,"column":48},"end":{"line":14,"column":153}},"line":14},"2":{"name":"_defineProperties","decl":{"start":{"line":16,"column":9},"end":{"line":16,"column":26}},"loc":{"start":{"line":16,"column":42},"end":{"line":16,"column":317}},"line":16},"3":{"name":"_createClass","decl":{"start":{"line":18,"column":9},"end":{"line":18,"column":21}},"loc":{"start":{"line":18,"column":60},"end":{"line":18,"column":285}},"line":18},"4":{"name":"(anonymous_4)","decl":{"start":{"line":24,"column":32},"end":{"line":24,"column":33}},"loc":{"start":{"line":24,"column":44},"end":{"line":70,"column":1}},"line":24},"5":{"name":"PaginateData","decl":{"start":{"line":25,"column":11},"end":{"line":25,"column":23}},"loc":{"start":{"line":25,"column":26},"end":{"line":27,"column":3}},"line":25},"6":{"name":"paginateData","decl":{"start":{"line":38,"column":13},"end":{"line":38,"column":25}},"loc":{"start":{"line":38,"column":36},"end":{"line":66,"column":5}},"line":38}},"branchMap":{"0":{"loc":{"start":{"line":12,"column":46},"end":{"line":12,"column":94}},"type":"cond-expr","locations":[{"start":{"line":12,"column":70},"end":{"line":12,"column":73}},{"start":{"line":12,"column":76},"end":{"line":12,"column":94}}],"line":12},"1":{"loc":{"start":{"line":12,"column":46},"end":{"line":12,"column":67}},"type":"binary-expr","locations":[{"start":{"line":12,"column":46},"end":{"line":12,"column":49}},{"start":{"line":12,"column":53},"end":{"line":12,"column":67}}],"line":12},"2":{"loc":{"start":{"line":14,"column":50},"end":{"line":14,"column":151}},"type":"if","locations":[{"start":{"line":14,"column":50},"end":{"line":14,"column":151}},{"start":{"line":14,"column":50},"end":{"line":14,"column":151}}],"line":14},"3":{"loc":{"start":{"line":16,"column":136},"end":{"line":16,"column":166}},"type":"binary-expr","locations":[{"start":{"line":16,"column":136},"end":{"line":16,"column":157}},{"start":{"line":16,"column":161},"end":{"line":16,"column":166}}],"line":16},"4":{"loc":{"start":{"line":16,"column":200},"end":{"line":16,"column":254}},"type":"if","locations":[{"start":{"line":16,"column":200},"end":{"line":16,"column":254}},{"start":{"line":16,"column":200},"end":{"line":16,"column":254}}],"line":16},"5":{"loc":{"start":{"line":18,"column":62},"end":{"line":18,"column":131}},"type":"if","locations":[{"start":{"line":18,"column":62},"end":{"line":18,"column":131}},{"start":{"line":18,"column":62},"end":{"line":18,"column":131}}],"line":18},"6":{"loc":{"start":{"line":18,"column":132},"end":{"line":18,"column":193}},"type":"if","locations":[{"start":{"line":18,"column":132},"end":{"line":18,"column":193}},{"start":{"line":18,"column":132},"end":{"line":18,"column":193}}],"line":18},"7":{"loc":{"start":{"line":42,"column":8},"end":{"line":47,"column":9}},"type":"if","locations":[{"start":{"line":42,"column":8},"end":{"line":47,"column":9}},{"start":{"line":42,"column":8},"end":{"line":47,"column":9}}],"line":42},"8":{"loc":{"start":{"line":49,"column":8},"end":{"line":54,"column":9}},"type":"if","locations":[{"start":{"line":49,"column":8},"end":{"line":54,"column":9}},{"start":{"line":49,"column":8},"end":{"line":54,"column":9}}],"line":49},"9":{"loc":{"start":{"line":58,"column":80},"end":{"line":58,"column":102}},"type":"binary-expr","locations":[{"start":{"line":58,"column":80},"end":{"line":58,"column":94}},{"start":{"line":58,"column":98},"end":{"line":58,"column":102}}],"line":58}},"s":{"0":1,"1":1,"2":1,"3":1,"4":1,"5":0,"6":0,"7":1,"8":1,"9":1,"10":1,"11":1,"12":1,"13":1,"14":1,"15":1,"16":0,"17":1,"18":1,"19":1,"20":1,"21":1,"22":0,"23":1,"24":4,"25":4,"26":4,"27":3,"28":4,"29":4,"30":4,"31":4,"32":4,"33":0,"34":0,"35":1,"36":1,"37":1},"f":{"0":1,"1":0,"2":1,"3":1,"4":1,"5":0,"6":4},"b":{"0":[1,0],"1":[1,1],"2":[0,0],"3":[1,1],"4":[1,0],"5":[0,1],"6":[1,0],"7":[3,1],"8":[4,0],"9":[4,0]},"inputSourceMap":{"version":3,"sources":["paginateMiddleware.js"],"names":["PaginateData","req","res","data","paginate","allDatata","start","Previous","page","pages","limit","skip","end","countAllData","Next","responseHelper","handleSuccess","OK","response","error","handleError","INTERNAL_SERVER_ERROR","toString"],"mappings":";;;;;;;AAAA;;AACA;;;;;;;;;;AACA;AACA;AACA;AACA;IACMA,Y;;;;;;;;AACJ;AACF;AACA;AACA;AACA;AACA;AACE,0BAAoBC,GAApB,EAAyBC,GAAzB,EAA8B;AAC5B,UAAI;AACFD,QAAAA,GAAG,CAACE,IAAJ,CAASC,QAAT,CAAkBA,QAAlB,GAA6BH,GAAG,CAACE,IAAJ,CAASE,SAAtC;;AACA,YAAIJ,GAAG,CAACE,IAAJ,CAASG,KAAT,GAAiB,CAArB,EAAwB;AACtBL,UAAAA,GAAG,CAACE,IAAJ,CAASC,QAAT,CAAkBG,QAAlB,GAA6B;AAC3BC,YAAAA,IAAI,EAAEP,GAAG,CAACE,IAAJ,CAASM,KAAT,GAAiB,CADI;AAE3BC,YAAAA,KAAK,EAAET,GAAG,CAACE,IAAJ,CAASQ;AAFW,WAA7B;AAID;;AAAC,YAAIV,GAAG,CAACE,IAAJ,CAASS,GAAT,GAAeX,GAAG,CAACE,IAAJ,CAASU,YAA5B,EAA0C;AAC1CZ,UAAAA,GAAG,CAACE,IAAJ,CAASC,QAAT,CAAkBU,IAAlB,GAAyB;AACvBN,YAAAA,IAAI,EAAEP,GAAG,CAACE,IAAJ,CAASM,KAAT,GAAiB,CADA;AAEvBC,YAAAA,KAAK,EAAET,GAAG,CAACE,IAAJ,CAASQ;AAFO,WAAzB;AAID;;AAED,YAAMR,IAAI,GAAGF,GAAG,CAACE,IAAJ,CAASC,QAAtB;;AACAW,mCAAeC,aAAf,CAA6BC,cAA7B,iBAAyChB,GAAG,CAACE,IAAJ,CAASM,KAAT,IAAkB,IAA3D,6BAAyFN,IAAzF;;AACA,eAAOY,2BAAeG,QAAf,CAAwBhB,GAAxB,CAAP;AACD,OAjBD,CAiBE,OAAOiB,KAAP,EAAc;AACdJ,mCAAeK,WAAf,CAA2BC,iCAA3B,EAAkDF,KAAK,CAACG,QAAN,EAAlD;;AACA,eAAOP,2BAAeG,QAAf,CAAwBhB,GAAxB,CAAP;AACD;AACF;;;;;;eAEYF,Y","sourceRoot":"C:\\Users\\this PC\\Desktop\\backend-task-2nd-round\\src\\middlewares\\","sourcesContent":["import { INTERNAL_SERVER_ERROR, OK } from 'http-status';\r\nimport responseHelper from '../helpers/responseHelper';\r\n/**\r\n* This class contains method (functions) required to handle\r\n* paginateData function.\r\n*/\r\nclass PaginateData {\r\n  /**\r\n     * Handle paginateData.\r\n     * @param {object} req user request.\r\n     * @param {object} res data response.\r\n     * @returns {object} returned object of data.\r\n     */\r\n  static paginateData(req, res) {\r\n    try {\r\n      req.data.paginate.paginate = req.data.allDatata;\r\n      if (req.data.start > 0) {\r\n        req.data.paginate.Previous = {\r\n          page: req.data.pages - 1,\r\n          limit: req.data.skip,\r\n        };\r\n      } if (req.data.end < req.data.countAllData) {\r\n        req.data.paginate.Next = {\r\n          page: req.data.pages + 1,\r\n          limit: req.data.skip,\r\n        };\r\n      }\r\n\r\n      const data = req.data.paginate;\r\n      responseHelper.handleSuccess(OK, `Page ${req.data.pages || null} Selected successfully`, data);\r\n      return responseHelper.response(res);\r\n    } catch (error) {\r\n      responseHelper.handleError(INTERNAL_SERVER_ERROR, error.toString());\r\n      return responseHelper.response(res);\r\n    }\r\n  }\r\n}\r\nexport default PaginateData;\r\n"]},"_coverageSchema":"1a1c01bbd47fc00a2c39e90264f33305004495a9","hash":"c7d63015ea7469e0d110b28a2fb9736e7146f9d4","contentHash":"aff5371b24767eab467bf6e18b62b482485e41d7afeefda63d000b959c7d1913"},"C:\\Users\\this PC\\Desktop\\backend-task-2nd-round\\src\\helpers\\responseHelper.js":{"path":"C:\\Users\\this PC\\Desktop\\backend-task-2nd-round\\src\\helpers\\responseHelper.js","statementMap":{"0":{"start":{"line":3,"column":0},"end":{"line":5,"column":3}},"1":{"start":{"line":6,"column":0},"end":{"line":6,"column":28}},"2":{"start":{"line":8,"column":50},"end":{"line":8,"column":151}},"3":{"start":{"line":8,"column":92},"end":{"line":8,"column":149}},"4":{"start":{"line":10,"column":44},"end":{"line":10,"column":315}},"5":{"start":{"line":10,"column":57},"end":{"line":10,"column":58}},"6":{"start":{"line":10,"column":102},"end":{"line":10,"column":110}},"7":{"start":{"line":10,"column":112},"end":{"line":10,"column":167}},"8":{"start":{"line":10,"column":168},"end":{"line":10,"column":199}},"9":{"start":{"line":10,"column":200},"end":{"line":10,"column":254}},"10":{"start":{"line":10,"column":227},"end":{"line":10,"column":254}},"11":{"start":{"line":10,"column":255},"end":{"line":10,"column":313}},"12":{"start":{"line":12,"column":62},"end":{"line":12,"column":131}},"13":{"start":{"line":12,"column":78},"end":{"line":12,"column":131}},"14":{"start":{"line":12,"column":132},"end":{"line":12,"column":193}},"15":{"start":{"line":12,"column":149},"end":{"line":12,"column":193}},"16":{"start":{"line":12,"column":194},"end":{"line":12,"column":263}},"17":{"start":{"line":12,"column":264},"end":{"line":12,"column":283}},"18":{"start":{"line":20,"column":35},"end":{"line":80,"column":3}},"19":{"start":{"line":22,"column":4},"end":{"line":22,"column":43}},"20":{"start":{"line":25,"column":2},"end":{"line":77,"column":6}},"21":{"start":{"line":36,"column":6},"end":{"line":36,"column":35}},"22":{"start":{"line":37,"column":6},"end":{"line":37,"column":29}},"23":{"start":{"line":38,"column":6},"end":{"line":38,"column":23}},"24":{"start":{"line":39,"column":6},"end":{"line":39,"column":28}},"25":{"start":{"line":51,"column":6},"end":{"line":51,"column":35}},"26":{"start":{"line":52,"column":6},"end":{"line":52,"column":29}},"27":{"start":{"line":53,"column":6},"end":{"line":53,"column":26}},"28":{"start":{"line":64,"column":6},"end":{"line":70,"column":7}},"29":{"start":{"line":65,"column":8},"end":{"line":69,"column":11}},"30":{"start":{"line":72,"column":6},"end":{"line":75,"column":9}},"31":{"start":{"line":79,"column":2},"end":{"line":79,"column":25}},"32":{"start":{"line":82,"column":15},"end":{"line":82,"column":30}},"33":{"start":{"line":83,"column":0},"end":{"line":83,"column":30}}},"fnMap":{"0":{"name":"_classCallCheck","decl":{"start":{"line":8,"column":9},"end":{"line":8,"column":24}},"loc":{"start":{"line":8,"column":48},"end":{"line":8,"column":153}},"line":8},"1":{"name":"_defineProperties","decl":{"start":{"line":10,"column":9},"end":{"line":10,"column":26}},"loc":{"start":{"line":10,"column":42},"end":{"line":10,"column":317}},"line":10},"2":{"name":"_createClass","decl":{"start":{"line":12,"column":9},"end":{"line":12,"column":21}},"loc":{"start":{"line":12,"column":60},"end":{"line":12,"column":285}},"line":12},"3":{"name":"(anonymous_3)","decl":{"start":{"line":20,"column":35},"end":{"line":20,"column":36}},"loc":{"start":{"line":20,"column":47},"end":{"line":80,"column":1}},"line":20},"4":{"name":"ResponseHelpers","decl":{"start":{"line":21,"column":11},"end":{"line":21,"column":26}},"loc":{"start":{"line":21,"column":29},"end":{"line":23,"column":3}},"line":21},"5":{"name":"handleSuccess","decl":{"start":{"line":35,"column":13},"end":{"line":35,"column":26}},"loc":{"start":{"line":35,"column":54},"end":{"line":40,"column":5}},"line":35},"6":{"name":"handleError","decl":{"start":{"line":50,"column":20},"end":{"line":50,"column":31}},"loc":{"start":{"line":50,"column":53},"end":{"line":54,"column":5}},"line":50},"7":{"name":"response","decl":{"start":{"line":63,"column":20},"end":{"line":63,"column":28}},"loc":{"start":{"line":63,"column":34},"end":{"line":76,"column":5}},"line":63}},"branchMap":{"0":{"loc":{"start":{"line":8,"column":50},"end":{"line":8,"column":151}},"type":"if","locations":[{"start":{"line":8,"column":50},"end":{"line":8,"column":151}},{"start":{"line":8,"column":50},"end":{"line":8,"column":151}}],"line":8},"1":{"loc":{"start":{"line":10,"column":136},"end":{"line":10,"column":166}},"type":"binary-expr","locations":[{"start":{"line":10,"column":136},"end":{"line":10,"column":157}},{"start":{"line":10,"column":161},"end":{"line":10,"column":166}}],"line":10},"2":{"loc":{"start":{"line":10,"column":200},"end":{"line":10,"column":254}},"type":"if","locations":[{"start":{"line":10,"column":200},"end":{"line":10,"column":254}},{"start":{"line":10,"column":200},"end":{"line":10,"column":254}}],"line":10},"3":{"loc":{"start":{"line":12,"column":62},"end":{"line":12,"column":131}},"type":"if","locations":[{"start":{"line":12,"column":62},"end":{"line":12,"column":131}},{"start":{"line":12,"column":62},"end":{"line":12,"column":131}}],"line":12},"4":{"loc":{"start":{"line":12,"column":132},"end":{"line":12,"column":193}},"type":"if","locations":[{"start":{"line":12,"column":132},"end":{"line":12,"column":193}},{"start":{"line":12,"column":132},"end":{"line":12,"column":193}}],"line":12},"5":{"loc":{"start":{"line":64,"column":6},"end":{"line":70,"column":7}},"type":"if","locations":[{"start":{"line":64,"column":6},"end":{"line":70,"column":7}},{"start":{"line":64,"column":6},"end":{"line":70,"column":7}}],"line":64}},"s":{"0":1,"1":1,"2":0,"3":0,"4":1,"5":1,"6":3,"7":3,"8":3,"9":3,"10":3,"11":3,"12":1,"13":0,"14":1,"15":1,"16":1,"17":1,"18":1,"19":0,"20":1,"21":8,"22":8,"23":8,"24":8,"25":4,"26":4,"27":4,"28":12,"29":8,"30":4,"31":1,"32":1,"33":1},"f":{"0":0,"1":1,"2":1,"3":1,"4":0,"5":8,"6":4,"7":12},"b":{"0":[0,0],"1":[3,3],"2":[3,0],"3":[0,1],"4":[1,0],"5":[8,4]},"inputSourceMap":{"version":3,"sources":["responseHelper.js"],"names":["ResponseHelpers","statusCode","message","data","type","res","status","json"],"mappings":";;;;;;;;;;;;;AAAA;AACA;AACA;AACA;AACA;AACA;IACMA,e;;;;;;;;AACJ;AACF;AACA;AACA;AACA;AACA;AACA;AACE,2BAAqBC,UAArB,EAAiCC,OAAjC,EAA0CC,IAA1C,EAAgD;AAC9C,WAAKF,UAAL,GAAkBA,UAAlB;AACA,WAAKC,OAAL,GAAeA,OAAf;AACA,WAAKC,IAAL,GAAYA,IAAZ;AACA,WAAKC,IAAL,GAAY,SAAZ;AACD;AAED;AACF;AACA;AACA;AACA;AACA;;;;WACE,qBAAmBH,UAAnB,EAA+BC,OAA/B,EAAwC;AACtC,WAAKD,UAAL,GAAkBA,UAAlB;AACA,WAAKC,OAAL,GAAeA,OAAf;AACA,WAAKE,IAAL,GAAY,OAAZ;AACD;AAED;AACF;AACA;AACA;AACA;;;;WACE,kBAAgBC,GAAhB,EAAqB;AACnB,UAAI,KAAKD,IAAL,KAAc,SAAlB,EAA6B;AAC3B,eAAOC,GAAG,CAACC,MAAJ,CAAW,KAAKL,UAAhB,EAA4BM,IAA5B,CAAiC;AACtCD,UAAAA,MAAM,EAAE,KAAKL,UADyB;AAEtCC,UAAAA,OAAO,EAAE,KAAKA,OAFwB;AAGtCC,UAAAA,IAAI,EAAE,KAAKA;AAH2B,SAAjC,CAAP;AAKD;;AACD,aAAOE,GAAG,CAACC,MAAJ,CAAW,KAAKL,UAAhB,EAA4BM,IAA5B,CAAiC;AACtCD,QAAAA,MAAM,EAAE,KAAKL,UADyB;AAEtCC,QAAAA,OAAO,EAAE,KAAKA;AAFwB,OAAjC,CAAP;AAID;;;;;;eAGYF,e","sourceRoot":"C:\\Users\\this PC\\Desktop\\backend-task-2nd-round\\src\\helpers\\","sourcesContent":["/**\n* This class contains all methods (functions) required to handle\n* handleSuccess function.\n* handleError function.\n* response function.\n*/\nclass ResponseHelpers {\n  /**\n   * Handle Success Response.\n   * @param {integer} statusCode status code.\n   * @param {integer} message message.\n   * @param {object} data data.\n   * @returns {null} .\n   */\n  static handleSuccess(statusCode, message, data) {\n    this.statusCode = statusCode;\n    this.message = message;\n    this.data = data;\n    this.type = 'success';\n  }\n\n  /**\n   * Handle Error Response.\n   * @param {integer} statusCode status code.\n   * @param {integer} message message.\n   * @returns {null} .\n   */\n  static handleError(statusCode, message) {\n    this.statusCode = statusCode;\n    this.message = message;\n    this.type = 'error';\n  }\n\n  /**\n   * Handle response output.\n   * @param {object} res response.\n   * @returns {object} response.\n   */\n  static response(res) {\n    if (this.type === 'success') {\n      return res.status(this.statusCode).json({\n        status: this.statusCode,\n        message: this.message,\n        data: this.data,\n      });\n    }\n    return res.status(this.statusCode).json({\n      status: this.statusCode,\n      message: this.message,\n    });\n  }\n}\n\nexport default ResponseHelpers;\n"]},"_coverageSchema":"1a1c01bbd47fc00a2c39e90264f33305004495a9","hash":"d6c3b35a15efa0a85a30bfc8c7ad042069ccf7d3","contentHash":"1838f27a6ae580a5488c69723dc795ead5c5128f1ebd3e361d2ccbe8e989339e"},"C:\\Users\\this PC\\Desktop\\backend-task-2nd-round\\src\\controllers\\employeeController.js":{"path":"C:\\Users\\this PC\\Desktop\\backend-task-2nd-round\\src\\controllers\\employeeController.js","statementMap":{"0":{"start":{"line":3,"column":0},"end":{"line":5,"column":3}},"1":{"start":{"line":6,"column":0},"end":{"line":6,"column":28}},"2":{"start":{"line":8,"column":18},"end":{"line":8,"column":40}},"3":{"start":{"line":10,"column":22},"end":{"line":10,"column":82}},"4":{"start":{"line":12,"column":22},"end":{"line":12,"column":82}},"5":{"start":{"line":14,"column":22},"end":{"line":14,"column":82}},"6":{"start":{"line":16,"column":39},"end":{"line":16,"column":95}},"7":{"start":{"line":18,"column":77},"end":{"line":18,"column":175}},"8":{"start":{"line":18,"column":94},"end":{"line":18,"column":107}},"9":{"start":{"line":18,"column":121},"end":{"line":18,"column":131}},"10":{"start":{"line":18,"column":151},"end":{"line":18,"column":165}},"11":{"start":{"line":18,"column":166},"end":{"line":18,"column":173}},"12":{"start":{"line":18,"column":176},"end":{"line":18,"column":263}},"13":{"start":{"line":18,"column":193},"end":{"line":18,"column":208}},"14":{"start":{"line":18,"column":218},"end":{"line":18,"column":261}},"15":{"start":{"line":20,"column":33},"end":{"line":20,"column":387}},"16":{"start":{"line":20,"column":65},"end":{"line":20,"column":69}},"17":{"start":{"line":20,"column":78},"end":{"line":20,"column":87}},"18":{"start":{"line":20,"column":89},"end":{"line":20,"column":384}},"19":{"start":{"line":20,"column":147},"end":{"line":20,"column":167}},"20":{"start":{"line":20,"column":193},"end":{"line":20,"column":264}},"21":{"start":{"line":20,"column":290},"end":{"line":20,"column":360}},"22":{"start":{"line":20,"column":363},"end":{"line":20,"column":380}},"23":{"start":{"line":22,"column":50},"end":{"line":22,"column":151}},"24":{"start":{"line":22,"column":92},"end":{"line":22,"column":149}},"25":{"start":{"line":24,"column":44},"end":{"line":24,"column":315}},"26":{"start":{"line":24,"column":57},"end":{"line":24,"column":58}},"27":{"start":{"line":24,"column":102},"end":{"line":24,"column":110}},"28":{"start":{"line":24,"column":112},"end":{"line":24,"column":167}},"29":{"start":{"line":24,"column":168},"end":{"line":24,"column":199}},"30":{"start":{"line":24,"column":200},"end":{"line":24,"column":254}},"31":{"start":{"line":24,"column":227},"end":{"line":24,"column":254}},"32":{"start":{"line":24,"column":255},"end":{"line":24,"column":313}},"33":{"start":{"line":26,"column":62},"end":{"line":26,"column":131}},"34":{"start":{"line":26,"column":78},"end":{"line":26,"column":131}},"35":{"start":{"line":26,"column":132},"end":{"line":26,"column":193}},"36":{"start":{"line":26,"column":149},"end":{"line":26,"column":193}},"37":{"start":{"line":26,"column":194},"end":{"line":26,"column":263}},"38":{"start":{"line":26,"column":264},"end":{"line":26,"column":283}},"39":{"start":{"line":35,"column":38},"end":{"line":329,"column":3}},"40":{"start":{"line":37,"column":4},"end":{"line":37,"column":46}},"41":{"start":{"line":40,"column":2},"end":{"line":326,"column":6}},"42":{"start":{"line":50,"column":28},"end":{"line":91,"column":9}},"43":{"start":{"line":52,"column":8},"end":{"line":90,"column":37}},"44":{"start":{"line":53,"column":10},"end":{"line":89,"column":11}},"45":{"start":{"line":54,"column":12},"end":{"line":88,"column":13}},"46":{"start":{"line":56,"column":16},"end":{"line":56,"column":34}},"47":{"start":{"line":57,"column":16},"end":{"line":57,"column":34}},"48":{"start":{"line":58,"column":16},"end":{"line":58,"column":97}},"49":{"start":{"line":61,"column":16},"end":{"line":61,"column":37}},"50":{"start":{"line":63,"column":16},"end":{"line":66,"column":17}},"51":{"start":{"line":64,"column":18},"end":{"line":64,"column":36}},"52":{"start":{"line":65,"column":18},"end":{"line":65,"column":24}},"53":{"start":{"line":68,"column":16},"end":{"line":68,"column":144}},"54":{"start":{"line":70,"column":16},"end":{"line":70,"column":91}},"55":{"start":{"line":73,"column":16},"end":{"line":73,"column":122}},"56":{"start":{"line":75,"column":16},"end":{"line":75,"column":91}},"57":{"start":{"line":78,"column":16},"end":{"line":78,"column":35}},"58":{"start":{"line":79,"column":16},"end":{"line":79,"column":51}},"59":{"start":{"line":81,"column":16},"end":{"line":81,"column":114}},"60":{"start":{"line":83,"column":16},"end":{"line":83,"column":91}},"61":{"start":{"line":87,"column":16},"end":{"line":87,"column":39}},"62":{"start":{"line":94,"column":8},"end":{"line":94,"column":54}},"63":{"start":{"line":97,"column":6},"end":{"line":97,"column":28}},"64":{"start":{"line":110,"column":29},"end":{"line":178,"column":9}},"65":{"start":{"line":113,"column":8},"end":{"line":177,"column":38}},"66":{"start":{"line":114,"column":10},"end":{"line":176,"column":11}},"67":{"start":{"line":115,"column":12},"end":{"line":175,"column":13}},"68":{"start":{"line":117,"column":16},"end":{"line":117,"column":35}},"69":{"start":{"line":118,"column":16},"end":{"line":118,"column":35}},"70":{"start":{"line":119,"column":16},"end":{"line":119,"column":74}},"71":{"start":{"line":122,"column":16},"end":{"line":122,"column":55}},"72":{"start":{"line":123,"column":16},"end":{"line":123,"column":52}},"73":{"start":{"line":124,"column":16},"end":{"line":124,"column":48}},"74":{"start":{"line":125,"column":16},"end":{"line":125,"column":52}},"75":{"start":{"line":126,"column":16},"end":{"line":126,"column":50}},"76":{"start":{"line":127,"column":16},"end":{"line":127,"column":58}},"77":{"start":{"line":128,"column":16},"end":{"line":128,"column":36}},"78":{"start":{"line":129,"column":16},"end":{"line":129,"column":77}},"79":{"start":{"line":132,"column":16},"end":{"line":132,"column":45}},"80":{"start":{"line":133,"column":16},"end":{"line":133,"column":36}},"81":{"start":{"line":134,"column":16},"end":{"line":134,"column":67}},"82":{"start":{"line":137,"column":16},"end":{"line":137,"column":45}},"83":{"start":{"line":138,"column":16},"end":{"line":138,"column":40}},"84":{"start":{"line":139,"column":16},"end":{"line":139,"column":43}},"85":{"start":{"line":141,"column":16},"end":{"line":144,"column":17}},"86":{"start":{"line":142,"column":18},"end":{"line":142,"column":38}},"87":{"start":{"line":143,"column":18},"end":{"line":143,"column":24}},"88":{"start":{"line":146,"column":16},"end":{"line":146,"column":115}},"89":{"start":{"line":148,"column":16},"end":{"line":148,"column":92}},"90":{"start":{"line":151,"column":16},"end":{"line":159,"column":18}},"91":{"start":{"line":160,"column":16},"end":{"line":160,"column":23}},"92":{"start":{"line":161,"column":16},"end":{"line":161,"column":36}},"93":{"start":{"line":162,"column":16},"end":{"line":162,"column":22}},"94":{"start":{"line":165,"column":16},"end":{"line":165,"column":36}},"95":{"start":{"line":166,"column":16},"end":{"line":166,"column":53}},"96":{"start":{"line":168,"column":16},"end":{"line":168,"column":115}},"97":{"start":{"line":170,"column":16},"end":{"line":170,"column":92}},"98":{"start":{"line":174,"column":16},"end":{"line":174,"column":40}},"99":{"start":{"line":181,"column":8},"end":{"line":181,"column":55}},"100":{"start":{"line":184,"column":6},"end":{"line":184,"column":29}},"101":{"start":{"line":196,"column":28},"end":{"line":241,"column":9}},"102":{"start":{"line":198,"column":8},"end":{"line":240,"column":38}},"103":{"start":{"line":199,"column":10},"end":{"line":239,"column":11}},"104":{"start":{"line":200,"column":12},"end":{"line":238,"column":13}},"105":{"start":{"line":202,"column":16},"end":{"line":202,"column":35}},"106":{"start":{"line":203,"column":16},"end":{"line":203,"column":35}},"107":{"start":{"line":204,"column":16},"end":{"line":204,"column":97}},"108":{"start":{"line":207,"column":16},"end":{"line":207,"column":38}},"109":{"start":{"line":209,"column":16},"end":{"line":212,"column":17}},"110":{"start":{"line":210,"column":18},"end":{"line":210,"column":37}},"111":{"start":{"line":211,"column":18},"end":{"line":211,"column":24}},"112":{"start":{"line":214,"column":16},"end":{"line":214,"column":144}},"113":{"start":{"line":216,"column":16},"end":{"line":216,"column":92}},"114":{"start":{"line":219,"column":16},"end":{"line":219,"column":35}},"115":{"start":{"line":220,"column":16},"end":{"line":220,"column":98}},"116":{"start":{"line":223,"column":16},"end":{"line":223,"column":107}},"117":{"start":{"line":225,"column":16},"end":{"line":225,"column":92}},"118":{"start":{"line":228,"column":16},"end":{"line":228,"column":36}},"119":{"start":{"line":229,"column":16},"end":{"line":229,"column":53}},"120":{"start":{"line":231,"column":16},"end":{"line":231,"column":115}},"121":{"start":{"line":233,"column":16},"end":{"line":233,"column":92}},"122":{"start":{"line":237,"column":16},"end":{"line":237,"column":40}},"123":{"start":{"line":244,"column":8},"end":{"line":244,"column":54}},"124":{"start":{"line":247,"column":6},"end":{"line":247,"column":28}},"125":{"start":{"line":259,"column":28},"end":{"line":318,"column":9}},"126":{"start":{"line":261,"column":8},"end":{"line":317,"column":38}},"127":{"start":{"line":262,"column":10},"end":{"line":316,"column":11}},"128":{"start":{"line":263,"column":12},"end":{"line":315,"column":13}},"129":{"start":{"line":265,"column":16},"end":{"line":265,"column":35}},"130":{"start":{"line":267,"column":16},"end":{"line":270,"column":17}},"131":{"start":{"line":268,"column":18},"end":{"line":268,"column":37}},"132":{"start":{"line":269,"column":18},"end":{"line":269,"column":24}},"133":{"start":{"line":272,"column":16},"end":{"line":272,"column":112}},"134":{"start":{"line":274,"column":16},"end":{"line":274,"column":92}},"135":{"start":{"line":277,"column":16},"end":{"line":277,"column":35}},"136":{"start":{"line":278,"column":16},"end":{"line":278,"column":97}},"137":{"start":{"line":281,"column":16},"end":{"line":281,"column":38}},"138":{"start":{"line":283,"column":16},"end":{"line":286,"column":17}},"139":{"start":{"line":284,"column":18},"end":{"line":284,"column":38}},"140":{"start":{"line":285,"column":18},"end":{"line":285,"column":24}},"141":{"start":{"line":288,"column":16},"end":{"line":288,"column":144}},"142":{"start":{"line":290,"column":16},"end":{"line":290,"column":92}},"143":{"start":{"line":293,"column":16},"end":{"line":293,"column":158}},"144":{"start":{"line":294,"column":16},"end":{"line":294,"column":36}},"145":{"start":{"line":295,"column":16},"end":{"line":295,"column":91}},"146":{"start":{"line":298,"column":16},"end":{"line":298,"column":38}},"147":{"start":{"line":300,"column":16},"end":{"line":300,"column":121}},"148":{"start":{"line":302,"column":16},"end":{"line":302,"column":92}},"149":{"start":{"line":305,"column":16},"end":{"line":305,"column":36}},"150":{"start":{"line":306,"column":16},"end":{"line":306,"column":53}},"151":{"start":{"line":308,"column":16},"end":{"line":308,"column":115}},"152":{"start":{"line":310,"column":16},"end":{"line":310,"column":92}},"153":{"start":{"line":314,"column":16},"end":{"line":314,"column":40}},"154":{"start":{"line":321,"column":8},"end":{"line":321,"column":54}},"155":{"start":{"line":324,"column":6},"end":{"line":324,"column":28}},"156":{"start":{"line":328,"column":2},"end":{"line":328,"column":28}},"157":{"start":{"line":331,"column":15},"end":{"line":331,"column":33}},"158":{"start":{"line":332,"column":0},"end":{"line":332,"column":30}}},"fnMap":{"0":{"name":"_interopRequireDefault","decl":{"start":{"line":16,"column":9},"end":{"line":16,"column":31}},"loc":{"start":{"line":16,"column":37},"end":{"line":16,"column":97}},"line":16},"1":{"name":"asyncGeneratorStep","decl":{"start":{"line":18,"column":9},"end":{"line":18,"column":27}},"loc":{"start":{"line":18,"column":75},"end":{"line":18,"column":265}},"line":18},"2":{"name":"_asyncToGenerator","decl":{"start":{"line":20,"column":9},"end":{"line":20,"column":26}},"loc":{"start":{"line":20,"column":31},"end":{"line":20,"column":389}},"line":20},"3":{"name":"(anonymous_3)","decl":{"start":{"line":20,"column":40},"end":{"line":20,"column":41}},"loc":{"start":{"line":20,"column":52},"end":{"line":20,"column":386}},"line":20},"4":{"name":"(anonymous_4)","decl":{"start":{"line":20,"column":108},"end":{"line":20,"column":109}},"loc":{"start":{"line":20,"column":135},"end":{"line":20,"column":382}},"line":20},"5":{"name":"_next","decl":{"start":{"line":20,"column":178},"end":{"line":20,"column":183}},"loc":{"start":{"line":20,"column":191},"end":{"line":20,"column":266}},"line":20},"6":{"name":"_throw","decl":{"start":{"line":20,"column":276},"end":{"line":20,"column":282}},"loc":{"start":{"line":20,"column":288},"end":{"line":20,"column":362}},"line":20},"7":{"name":"_classCallCheck","decl":{"start":{"line":22,"column":9},"end":{"line":22,"column":24}},"loc":{"start":{"line":22,"column":48},"end":{"line":22,"column":153}},"line":22},"8":{"name":"_defineProperties","decl":{"start":{"line":24,"column":9},"end":{"line":24,"column":26}},"loc":{"start":{"line":24,"column":42},"end":{"line":24,"column":317}},"line":24},"9":{"name":"_createClass","decl":{"start":{"line":26,"column":9},"end":{"line":26,"column":21}},"loc":{"start":{"line":26,"column":60},"end":{"line":26,"column":285}},"line":26},"10":{"name":"(anonymous_10)","decl":{"start":{"line":35,"column":38},"end":{"line":35,"column":39}},"loc":{"start":{"line":35,"column":50},"end":{"line":329,"column":1}},"line":35},"11":{"name":"EmployeeController","decl":{"start":{"line":36,"column":11},"end":{"line":36,"column":29}},"loc":{"start":{"line":36,"column":32},"end":{"line":38,"column":3}},"line":36},"12":{"name":"(anonymous_12)","decl":{"start":{"line":49,"column":4},"end":{"line":49,"column":5}},"loc":{"start":{"line":49,"column":16},"end":{"line":98,"column":5}},"line":49},"13":{"name":"_callee","decl":{"start":{"line":50,"column":93},"end":{"line":50,"column":100}},"loc":{"start":{"line":50,"column":111},"end":{"line":91,"column":7}},"line":50},"14":{"name":"_callee$","decl":{"start":{"line":52,"column":48},"end":{"line":52,"column":56}},"loc":{"start":{"line":52,"column":67},"end":{"line":90,"column":9}},"line":52},"15":{"name":"selectEmployee","decl":{"start":{"line":93,"column":15},"end":{"line":93,"column":29}},"loc":{"start":{"line":93,"column":39},"end":{"line":95,"column":7}},"line":93},"16":{"name":"(anonymous_16)","decl":{"start":{"line":109,"column":11},"end":{"line":109,"column":12}},"loc":{"start":{"line":109,"column":23},"end":{"line":185,"column":5}},"line":109},"17":{"name":"_callee2","decl":{"start":{"line":110,"column":94},"end":{"line":110,"column":102}},"loc":{"start":{"line":110,"column":119},"end":{"line":178,"column":7}},"line":110},"18":{"name":"_callee2$","decl":{"start":{"line":113,"column":48},"end":{"line":113,"column":57}},"loc":{"start":{"line":113,"column":69},"end":{"line":177,"column":9}},"line":113},"19":{"name":"selectEmployees","decl":{"start":{"line":180,"column":15},"end":{"line":180,"column":30}},"loc":{"start":{"line":180,"column":46},"end":{"line":182,"column":7}},"line":180},"20":{"name":"(anonymous_20)","decl":{"start":{"line":195,"column":11},"end":{"line":195,"column":12}},"loc":{"start":{"line":195,"column":23},"end":{"line":248,"column":5}},"line":195},"21":{"name":"_callee3","decl":{"start":{"line":196,"column":93},"end":{"line":196,"column":101}},"loc":{"start":{"line":196,"column":112},"end":{"line":241,"column":7}},"line":196},"22":{"name":"_callee3$","decl":{"start":{"line":198,"column":48},"end":{"line":198,"column":57}},"loc":{"start":{"line":198,"column":69},"end":{"line":240,"column":9}},"line":198},"23":{"name":"deleteEmployee","decl":{"start":{"line":243,"column":15},"end":{"line":243,"column":29}},"loc":{"start":{"line":243,"column":40},"end":{"line":245,"column":7}},"line":243},"24":{"name":"(anonymous_24)","decl":{"start":{"line":258,"column":11},"end":{"line":258,"column":12}},"loc":{"start":{"line":258,"column":23},"end":{"line":325,"column":5}},"line":258},"25":{"name":"_callee4","decl":{"start":{"line":259,"column":93},"end":{"line":259,"column":101}},"loc":{"start":{"line":259,"column":112},"end":{"line":318,"column":7}},"line":259},"26":{"name":"_callee4$","decl":{"start":{"line":261,"column":48},"end":{"line":261,"column":57}},"loc":{"start":{"line":261,"column":69},"end":{"line":317,"column":9}},"line":261},"27":{"name":"updateEmployee","decl":{"start":{"line":320,"column":15},"end":{"line":320,"column":29}},"loc":{"start":{"line":320,"column":40},"end":{"line":322,"column":7}},"line":320}},"branchMap":{"0":{"loc":{"start":{"line":16,"column":46},"end":{"line":16,"column":94}},"type":"cond-expr","locations":[{"start":{"line":16,"column":70},"end":{"line":16,"column":73}},{"start":{"line":16,"column":76},"end":{"line":16,"column":94}}],"line":16},"1":{"loc":{"start":{"line":16,"column":46},"end":{"line":16,"column":67}},"type":"binary-expr","locations":[{"start":{"line":16,"column":46},"end":{"line":16,"column":49}},{"start":{"line":16,"column":53},"end":{"line":16,"column":67}}],"line":16},"2":{"loc":{"start":{"line":18,"column":176},"end":{"line":18,"column":263}},"type":"if","locations":[{"start":{"line":18,"column":176},"end":{"line":18,"column":263}},{"start":{"line":18,"column":176},"end":{"line":18,"column":263}}],"line":18},"3":{"loc":{"start":{"line":22,"column":50},"end":{"line":22,"column":151}},"type":"if","locations":[{"start":{"line":22,"column":50},"end":{"line":22,"column":151}},{"start":{"line":22,"column":50},"end":{"line":22,"column":151}}],"line":22},"4":{"loc":{"start":{"line":24,"column":136},"end":{"line":24,"column":166}},"type":"binary-expr","locations":[{"start":{"line":24,"column":136},"end":{"line":24,"column":157}},{"start":{"line":24,"column":161},"end":{"line":24,"column":166}}],"line":24},"5":{"loc":{"start":{"line":24,"column":200},"end":{"line":24,"column":254}},"type":"if","locations":[{"start":{"line":24,"column":200},"end":{"line":24,"column":254}},{"start":{"line":24,"column":200},"end":{"line":24,"column":254}}],"line":24},"6":{"loc":{"start":{"line":26,"column":62},"end":{"line":26,"column":131}},"type":"if","locations":[{"start":{"line":26,"column":62},"end":{"line":26,"column":131}},{"start":{"line":26,"column":62},"end":{"line":26,"column":131}}],"line":26},"7":{"loc":{"start":{"line":26,"column":132},"end":{"line":26,"column":193}},"type":"if","locations":[{"start":{"line":26,"column":132},"end":{"line":26,"column":193}},{"start":{"line":26,"column":132},"end":{"line":26,"column":193}}],"line":26},"8":{"loc":{"start":{"line":54,"column":12},"end":{"line":88,"column":13}},"type":"switch","locations":[{"start":{"line":55,"column":14},"end":{"line":58,"column":97}},{"start":{"line":60,"column":14},"end":{"line":70,"column":91}},{"start":{"line":72,"column":14},"end":{"line":75,"column":91}},{"start":{"line":77,"column":14},"end":{"line":83,"column":91}},{"start":{"line":85,"column":14},"end":{"line":85,"column":22}},{"start":{"line":86,"column":14},"end":{"line":87,"column":39}}],"line":54},"9":{"loc":{"start":{"line":63,"column":16},"end":{"line":66,"column":17}},"type":"if","locations":[{"start":{"line":63,"column":16},"end":{"line":66,"column":17}},{"start":{"line":63,"column":16},"end":{"line":66,"column":17}}],"line":63},"10":{"loc":{"start":{"line":115,"column":12},"end":{"line":175,"column":13}},"type":"switch","locations":[{"start":{"line":116,"column":14},"end":{"line":119,"column":74}},{"start":{"line":121,"column":14},"end":{"line":129,"column":77}},{"start":{"line":131,"column":14},"end":{"line":134,"column":67}},{"start":{"line":136,"column":14},"end":{"line":148,"column":92}},{"start":{"line":150,"column":14},"end":{"line":162,"column":22}},{"start":{"line":164,"column":14},"end":{"line":170,"column":92}},{"start":{"line":172,"column":14},"end":{"line":172,"column":22}},{"start":{"line":173,"column":14},"end":{"line":174,"column":40}}],"line":115},"11":{"loc":{"start":{"line":141,"column":16},"end":{"line":144,"column":17}},"type":"if","locations":[{"start":{"line":141,"column":16},"end":{"line":144,"column":17}},{"start":{"line":141,"column":16},"end":{"line":144,"column":17}}],"line":141},"12":{"loc":{"start":{"line":200,"column":12},"end":{"line":238,"column":13}},"type":"switch","locations":[{"start":{"line":201,"column":14},"end":{"line":204,"column":97}},{"start":{"line":206,"column":14},"end":{"line":216,"column":92}},{"start":{"line":218,"column":14},"end":{"line":220,"column":98}},{"start":{"line":222,"column":14},"end":{"line":225,"column":92}},{"start":{"line":227,"column":14},"end":{"line":233,"column":92}},{"start":{"line":235,"column":14},"end":{"line":235,"column":22}},{"start":{"line":236,"column":14},"end":{"line":237,"column":40}}],"line":200},"13":{"loc":{"start":{"line":209,"column":16},"end":{"line":212,"column":17}},"type":"if","locations":[{"start":{"line":209,"column":16},"end":{"line":212,"column":17}},{"start":{"line":209,"column":16},"end":{"line":212,"column":17}}],"line":209},"14":{"loc":{"start":{"line":263,"column":12},"end":{"line":315,"column":13}},"type":"switch","locations":[{"start":{"line":264,"column":14},"end":{"line":274,"column":92}},{"start":{"line":276,"column":14},"end":{"line":278,"column":97}},{"start":{"line":280,"column":14},"end":{"line":290,"column":92}},{"start":{"line":292,"column":14},"end":{"line":295,"column":91}},{"start":{"line":297,"column":14},"end":{"line":302,"column":92}},{"start":{"line":304,"column":14},"end":{"line":310,"column":92}},{"start":{"line":312,"column":14},"end":{"line":312,"column":22}},{"start":{"line":313,"column":14},"end":{"line":314,"column":40}}],"line":263},"15":{"loc":{"start":{"line":267,"column":16},"end":{"line":270,"column":17}},"type":"if","locations":[{"start":{"line":267,"column":16},"end":{"line":270,"column":17}},{"start":{"line":267,"column":16},"end":{"line":270,"column":17}}],"line":267},"16":{"loc":{"start":{"line":267,"column":22},"end":{"line":267,"column":124}},"type":"binary-expr","locations":[{"start":{"line":267,"column":22},"end":{"line":267,"column":30}},{"start":{"line":267,"column":34},"end":{"line":267,"column":68}},{"start":{"line":267,"column":72},"end":{"line":267,"column":124}}],"line":267},"17":{"loc":{"start":{"line":283,"column":16},"end":{"line":286,"column":17}},"type":"if","locations":[{"start":{"line":283,"column":16},"end":{"line":286,"column":17}},{"start":{"line":283,"column":16},"end":{"line":286,"column":17}}],"line":283},"18":{"loc":{"start":{"line":283,"column":22},"end":{"line":283,"column":52}},"type":"binary-expr","locations":[{"start":{"line":283,"column":22},"end":{"line":283,"column":27}},{"start":{"line":283,"column":31},"end":{"line":283,"column":52}}],"line":283},"19":{"loc":{"start":{"line":293,"column":24},"end":{"line":293,"column":157}},"type":"cond-expr","locations":[{"start":{"line":293,"column":126},"end":{"line":293,"column":144}},{"start":{"line":293,"column":147},"end":{"line":293,"column":157}}],"line":293},"20":{"loc":{"start":{"line":293,"column":24},"end":{"line":293,"column":123}},"type":"binary-expr","locations":[{"start":{"line":293,"column":24},"end":{"line":293,"column":45}},{"start":{"line":293,"column":49},"end":{"line":293,"column":74}},{"start":{"line":293,"column":78},"end":{"line":293,"column":101}},{"start":{"line":293,"column":105},"end":{"line":293,"column":123}}],"line":293}},"s":{"0":1,"1":1,"2":1,"3":1,"4":1,"5":1,"6":3,"7":34,"8":34,"9":34,"10":0,"11":0,"12":34,"13":12,"14":22,"15":4,"16":12,"17":12,"18":12,"19":12,"20":34,"21":0,"22":12,"23":0,"24":0,"25":1,"26":1,"27":4,"28":4,"29":4,"30":4,"31":4,"32":4,"33":1,"34":0,"35":1,"36":1,"37":1,"38":1,"39":1,"40":0,"41":1,"42":1,"43":1,"44":3,"45":4,"46":1,"47":1,"48":1,"49":1,"50":1,"51":1,"52":1,"53":0,"54":0,"55":1,"56":1,"57":0,"58":0,"59":0,"60":0,"61":1,"62":1,"63":1,"64":1,"65":4,"66":16,"67":24,"68":4,"69":4,"70":4,"71":4,"72":4,"73":4,"74":4,"75":4,"76":4,"77":4,"78":4,"79":4,"80":4,"81":4,"82":4,"83":4,"84":4,"85":4,"86":4,"87":4,"88":0,"89":0,"90":4,"91":4,"92":4,"93":4,"94":0,"95":0,"96":0,"97":0,"98":4,"99":4,"100":1,"101":1,"102":3,"103":10,"104":11,"105":3,"106":3,"107":3,"108":3,"109":3,"110":1,"111":1,"112":2,"113":2,"114":1,"115":1,"116":1,"117":1,"118":0,"119":0,"120":0,"121":0,"122":3,"123":3,"124":1,"125":1,"126":4,"127":13,"128":18,"129":4,"130":4,"131":3,"132":3,"133":1,"134":1,"135":3,"136":3,"137":3,"138":3,"139":2,"140":2,"141":1,"142":1,"143":2,"144":2,"145":2,"146":2,"147":2,"148":2,"149":0,"150":0,"151":0,"152":0,"153":4,"154":4,"155":1,"156":1,"157":1,"158":1},"f":{"0":3,"1":34,"2":4,"3":12,"4":12,"5":34,"6":0,"7":0,"8":1,"9":1,"10":1,"11":0,"12":1,"13":1,"14":3,"15":1,"16":1,"17":4,"18":16,"19":4,"20":1,"21":3,"22":10,"23":3,"24":1,"25":4,"26":13,"27":4},"b":{"0":[2,1],"1":[3,3],"2":[12,22],"3":[0,0],"4":[4,4],"5":[4,0],"6":[0,1],"7":[1,0],"8":[1,1,1,0,0,1],"9":[1,0],"10":[4,4,4,4,4,0,4,4],"11":[4,0],"12":[3,3,1,1,0,0,3],"13":[1,2],"14":[4,3,3,2,2,0,0,4],"15":[3,1],"16":[4,4,1],"17":[2,1],"18":[3,2],"19":[2,0],"20":[2,2,2,2]},"inputSourceMap":{"version":3,"sources":["employeeController.js"],"names":["EmployeeController","req","res","employeeHelper","findOneEmployees","params","employeeId","data","responseHelper","handleError","NOT_FOUND","response","handleSuccess","OK","INTERNAL_SERVER_ERROR","toString","next","pagination","paginateData","query","start","end","pages","skip","paginate","findEmployees","fetchedData","countEmployees","countedData","allDatata","countAllData","deleteOneEmployee","body","Object","keys","length","getPrototypeOf","prototype","BAD_REQUEST","isFired","photo","undefined","Location","updateOneEmployee"],"mappings":";;;;;;;AAAA;;AACA;;AACA;;AACA;;;;;;;;;;;;;;AAEA;AACA;AACA;AACA;AACA;AACA;AACA;IACMA,kB;;;;;;;;AACJ;AACF;AACA;AACA;AACA;AACA;;oFACE,iBAA4BC,GAA5B,EAAiCC,GAAjC;AAAA;AAAA;AAAA;AAAA;AAAA;AAAA;AAAA;AAAA,uBAEuBC,2BAAeC,gBAAf,CAAgC,KAAhC,EAAuCH,GAAG,CAACI,MAAJ,CAAWC,UAAlD,CAFvB;;AAAA;AAEUC,gBAAAA,IAFV;;AAAA,oBAGSA,IAHT;AAAA;AAAA;AAAA;;AAIMC,2CAAeC,WAAf,CAA2BC,qBAA3B,6BAA0DT,GAAG,CAACI,MAAJ,CAAWC,UAArE;;AAJN,iDAKaE,2BAAeG,QAAf,CAAwBT,GAAxB,CALb;;AAAA;AAQIM,2CAAeI,aAAf,CAA6BC,cAA7B,EAAiC,yCAAjC,EAA4EN,IAA5E;;AARJ,iDASWC,2BAAeG,QAAf,CAAwBT,GAAxB,CATX;;AAAA;AAAA;AAAA;;AAWIM,2CAAeC,WAAf,CAA2BK,iCAA3B,EAAkD,YAAMC,QAAN,EAAlD;;AAXJ,iDAYWP,2BAAeG,QAAf,CAAwBT,GAAxB,CAZX;;AAAA;AAAA;AAAA;AAAA;AAAA;AAAA;AAAA,O;;;;;;;;AAgBA;AACF;AACA;AACA;AACA;AACA;AACA;;;;;qFACE,kBAA6BD,GAA7B,EAAkCC,GAAlC,EAAuCc,IAAvC;AAAA;;AAAA;AAAA;AAAA;AAAA;AAAA;AAAA;AAAA,uBAEwDC,2BAAWC,YAAX,CAAwBjB,GAAG,CAACkB,KAA5B,CAFxD;;AAAA;AAAA;AAEYC,gBAAAA,KAFZ,yBAEYA,KAFZ;AAEmBC,gBAAAA,GAFnB,yBAEmBA,GAFnB;AAEwBC,gBAAAA,KAFxB,yBAEwBA,KAFxB;AAE+BC,gBAAAA,IAF/B,yBAE+BA,IAF/B;AAEqCC,gBAAAA,QAFrC,yBAEqCA,QAFrC;AAAA;AAAA,uBAG8BrB,2BAAesB,aAAf,CAA6BF,IAA7B,EAAmCH,KAAnC,CAH9B;;AAAA;AAGUM,gBAAAA,WAHV;AAAA;AAAA,uBAI8BvB,2BAAewB,cAAf,EAJ9B;;AAAA;AAIUC,gBAAAA,WAJV;AAMUC,gBAAAA,SANV,GAMsBH,WANtB;AAOUI,gBAAAA,YAPV,GAOyBF,WAPzB;;AAAA,sBASQE,YAAY,GAAG,CATvB;AAAA;AAAA;AAAA;;AAUMtB,2CAAeC,WAAf,CAA2BC,qBAA3B,EAAsC,mCAAtC;;AAVN,kDAWaF,2BAAeG,QAAf,CAAwBT,GAAxB,CAXb;;AAAA;AAcID,gBAAAA,GAAG,CAACM,IAAJ,GAAW;AAAEsB,kBAAAA,SAAS,EAATA,SAAF;AAAaC,kBAAAA,YAAY,EAAZA,YAAb;AAA2BV,kBAAAA,KAAK,EAALA,KAA3B;AAAkCC,kBAAAA,GAAG,EAAHA,GAAlC;AAAuCC,kBAAAA,KAAK,EAALA,KAAvC;AAA8CC,kBAAAA,IAAI,EAAJA,IAA9C;AAAoDC,kBAAAA,QAAQ,EAARA;AAApD,iBAAX;AACAR,gBAAAA,IAAI;AAfR;AAAA;;AAAA;AAAA;AAAA;;AAiBIR,2CAAeC,WAAf,CAA2BK,iCAA3B,EAAkD,aAAMC,QAAN,EAAlD;;AAjBJ,kDAkBWP,2BAAeG,QAAf,CAAwBT,GAAxB,CAlBX;;AAAA;AAAA;AAAA;AAAA;AAAA;AAAA;AAAA,O;;;;;;;;AAsBA;AACF;AACA;AACA;AACA;AACA;;;;;oFACE,kBAA4BD,GAA5B,EAAiCC,GAAjC;AAAA;AAAA;AAAA;AAAA;AAAA;AAAA;AAAA;AAAA,uBAEuBC,2BAAeC,gBAAf,CAAgC,KAAhC,EAAuCH,GAAG,CAACI,MAAJ,CAAWC,UAAlD,CAFvB;;AAAA;AAEUC,gBAAAA,IAFV;;AAAA,oBAGSA,IAHT;AAAA;AAAA;AAAA;;AAIMC,2CAAeC,WAAf,CAA2BC,qBAA3B,6BAA0DT,GAAG,CAACI,MAAJ,CAAWC,UAArE;;AAJN,kDAKaE,2BAAeG,QAAf,CAAwBT,GAAxB,CALb;;AAAA;AAAA;AAAA,uBAQUC,2BAAe4B,iBAAf,CAAiC,KAAjC,EAAwC9B,GAAG,CAACI,MAAJ,CAAWC,UAAnD,CARV;;AAAA;AASIE,2CAAeI,aAAf,CAA6BC,cAA7B,EAAiC,gCAAjC;;AATJ,kDAUWL,2BAAeG,QAAf,CAAwBT,GAAxB,CAVX;;AAAA;AAAA;AAAA;;AAYIM,2CAAeC,WAAf,CAA2BK,iCAA3B,EAAkD,aAAMC,QAAN,EAAlD;;AAZJ,kDAaWP,2BAAeG,QAAf,CAAwBT,GAAxB,CAbX;;AAAA;AAAA;AAAA;AAAA;AAAA;AAAA;AAAA,O;;;;;;;;AAiBA;AACF;AACA;AACA;AACA;AACA;;;;;oFACE,kBAA4BD,GAA5B,EAAiCC,GAAjC;AAAA;AAAA;AAAA;AAAA;AAAA;AAAA;;AAAA,sBAEQD,GAAG,CAAC+B,IAAJ,IAAYC,MAAM,CAACC,IAAP,CAAYjC,GAAG,CAAC+B,IAAhB,EAAsBG,MAAtB,KAAiC,CAA7C,IAAkDF,MAAM,CAACG,cAAP,CAAsBnC,GAAG,CAAC+B,IAA1B,MAAoCC,MAAM,CAACI,SAFrG;AAAA;AAAA;AAAA;;AAGM7B,2CAAeC,WAAf,CAA2B6B,uBAA3B;;AAHN,kDAIa9B,2BAAeG,QAAf,CAAwBT,GAAxB,CAJb;;AAAA;AAAA;AAAA,uBAOqBC,2BAAeC,gBAAf,CAAgC,KAAhC,EAAuCH,GAAG,CAACI,MAAJ,CAAWC,UAAlD,CAPrB;;AAAA;AAOQC,gBAAAA,IAPR;;AAAA,sBAQQ,CAACA,IAAD,IAASA,IAAI,CAACgC,OAAL,KAAiB,IARlC;AAAA;AAAA;AAAA;;AASM/B,2CAAeC,WAAf,CAA2BC,qBAA3B,6BAA0DT,GAAG,CAACI,MAAJ,CAAWC,UAArE;;AATN,kDAUaE,2BAAeG,QAAf,CAAwBT,GAAxB,CAVb;;AAAA;AAaUsC,gBAAAA,KAbV,GAakBvC,GAAG,CAACuC,KAAJ,KAAc,OAAd,IAAyBvC,GAAG,CAACuC,KAAJ,KAAc,WAAvC,IAAsDvC,GAAG,CAACuC,KAAJ,KAAcC,SAApE,IAAiFxC,GAAG,CAACuC,KAAJ,KAAc,IAA/F,GAAsGvC,GAAG,CAACuC,KAAJ,CAAUE,QAAhH,GAA2HnC,IAAI,CAACiC,KAblJ;AAAA;AAAA,uBAciBrC,2BAAewC,iBAAf,CAAiC1C,GAAG,CAAC+B,IAArC,EAA2CzB,IAA3C,EAAiDiC,KAAjD,CAdjB;;AAAA;AAcIjC,gBAAAA,IAdJ;;AAeIC,2CAAeI,aAAf,CAA6BC,cAA7B,EAAiC,wCAAjC,EAA2EN,IAA3E;;AAfJ,kDAgBWC,2BAAeG,QAAf,CAAwBT,GAAxB,CAhBX;;AAAA;AAAA;AAAA;;AAkBIM,2CAAeC,WAAf,CAA2BK,iCAA3B,EAAkD,aAAMC,QAAN,EAAlD;;AAlBJ,kDAmBWP,2BAAeG,QAAf,CAAwBT,GAAxB,CAnBX;;AAAA;AAAA;AAAA;AAAA;AAAA;AAAA;AAAA,O;;;;;;;;;;;;;eAwBaF,kB","sourceRoot":"C:\\Users\\this PC\\Desktop\\backend-task-2nd-round\\src\\controllers\\","sourcesContent":["import { INTERNAL_SERVER_ERROR, NOT_FOUND, BAD_REQUEST, OK } from 'http-status';\r\nimport employeeHelper from '../helpers/employeeHelper';\r\nimport responseHelper from '../helpers/responseHelper';\r\nimport pagination from '../helpers/paginateHelper';\r\n\r\n/**\r\n* This class contains all methods (functions) required to handle\r\n* Select all employees function.\r\n* Select a particular employee function.\r\n* Update a particular employee function.\r\n* Delete a particular employee function.\r\n*/\r\nclass EmployeeController {\r\n  /**\r\n     * Handle selectEmployee.\r\n     * @param {object} req user request.\r\n     * @param {object} res data response.\r\n     * @returns {object} returned employee details object.\r\n     */\r\n  static async selectEmployee(req, res) {\r\n    try {\r\n      const data = await employeeHelper.findOneEmployees('_id', req.params.employeeId);\r\n      if (!data) {\r\n        responseHelper.handleError(NOT_FOUND, `Employee with id ${req.params.employeeId} not found.`);\r\n        return responseHelper.response(res);\r\n      }\r\n\r\n      responseHelper.handleSuccess(OK, 'Employee details selected successfully.', data);\r\n      return responseHelper.response(res);\r\n    } catch (error) {\r\n      responseHelper.handleError(INTERNAL_SERVER_ERROR, error.toString());\r\n      return responseHelper.response(res);\r\n    }\r\n  }\r\n\r\n  /**\r\n     * Handle selectEmployees.\r\n     * @param {object} req user request.\r\n     * @param {object} res data response.\r\n     * @param {object} next move data response.\r\n     * @returns {object} returned object of data.\r\n     */\r\n  static async selectEmployees(req, res, next) {\r\n    try {\r\n      const { start, end, pages, skip, paginate } = await pagination.paginateData(req.query);\r\n      const fetchedData = await employeeHelper.findEmployees(skip, start);\r\n      const countedData = await employeeHelper.countEmployees();\r\n\r\n      const allDatata = fetchedData;\r\n      const countAllData = countedData;\r\n\r\n      if (countAllData < 1) {\r\n        responseHelper.handleError(NOT_FOUND, 'Employees not found at the moment');\r\n        return responseHelper.response(res);\r\n      }\r\n\r\n      req.data = { allDatata, countAllData, start, end, pages, skip, paginate };\r\n      next();\r\n    } catch (error) {\r\n      responseHelper.handleError(INTERNAL_SERVER_ERROR, error.toString());\r\n      return responseHelper.response(res);\r\n    }\r\n  }\r\n\r\n  /**\r\n     * Handle deleteEmployee.\r\n     * @param {object} req user request.\r\n     * @param {object} res data response.\r\n     * @returns {string} returned message.\r\n     */\r\n  static async deleteEmployee(req, res) {\r\n    try {\r\n      const data = await employeeHelper.findOneEmployees('_id', req.params.employeeId);\r\n      if (!data) {\r\n        responseHelper.handleError(NOT_FOUND, `Employee with id ${req.params.employeeId} not found.`);\r\n        return responseHelper.response(res);\r\n      }\r\n\r\n      await employeeHelper.deleteOneEmployee('_id', req.params.employeeId);\r\n      responseHelper.handleSuccess(OK, 'Employee deleted successfully.');\r\n      return responseHelper.response(res);\r\n    } catch (error) {\r\n      responseHelper.handleError(INTERNAL_SERVER_ERROR, error.toString());\r\n      return responseHelper.response(res);\r\n    }\r\n  }\r\n\r\n  /**\r\n     * Handle updateEmployee.\r\n     * @param {object} req user request.\r\n     * @param {object} res data response.\r\n     * @returns {object} returned object of updated data.\r\n     */\r\n  static async updateEmployee(req, res) {\r\n    try {\r\n      if (req.body && Object.keys(req.body).length === 0 && Object.getPrototypeOf(req.body) === Object.prototype) {\r\n        responseHelper.handleError(BAD_REQUEST, `Changes to update not found.`);\r\n        return responseHelper.response(res);\r\n      }\r\n\r\n      let data = await employeeHelper.findOneEmployees('_id', req.params.employeeId);\r\n      if (!data || data.isFired === true) {\r\n        responseHelper.handleError(NOT_FOUND, `Employee with id ${req.params.employeeId} not found.`);\r\n        return responseHelper.response(res);\r\n      }\r\n\r\n      const photo = req.photo !== 'Error' && req.photo !== 'TypeError' && req.photo !== undefined && req.photo !== null ? req.photo.Location : data.photo;\r\n      data = await employeeHelper.updateOneEmployee(req.body, data, photo);\r\n      responseHelper.handleSuccess(OK, 'Employee details updated successfully.', data);\r\n      return responseHelper.response(res);\r\n    } catch (error) {\r\n      responseHelper.handleError(INTERNAL_SERVER_ERROR, error.toString());\r\n      return responseHelper.response(res);\r\n    }\r\n  }\r\n}\r\n\r\nexport default EmployeeController;\r\n"]},"_coverageSchema":"1a1c01bbd47fc00a2c39e90264f33305004495a9","hash":"cd720da1f6e68b5885d85432a89e56d65172a65a","contentHash":"858d9b4b25f78945dc28758b3045047de53d0d05de639410eb334f644f2cf8a5"},"C:\\Users\\this PC\\Desktop\\backend-task-2nd-round\\src\\helpers\\employeeHelper.js":{"path":"C:\\Users\\this PC\\Desktop\\backend-task-2nd-round\\src\\helpers\\employeeHelper.js","statementMap":{"0":{"start":{"line":3,"column":0},"end":{"line":5,"column":3}},"1":{"start":{"line":6,"column":0},"end":{"line":6,"column":28}},"2":{"start":{"line":8,"column":22},"end":{"line":8,"column":81}},"3":{"start":{"line":10,"column":24},"end":{"line":10,"column":85}},"4":{"start":{"line":12,"column":39},"end":{"line":12,"column":95}},"5":{"start":{"line":14,"column":44},"end":{"line":14,"column":195}},"6":{"start":{"line":14,"column":62},"end":{"line":14,"column":166}},"7":{"start":{"line":14,"column":176},"end":{"line":14,"column":193}},"8":{"start":{"line":14,"column":196},"end":{"line":14,"column":207}},"9":{"start":{"line":16,"column":77},"end":{"line":16,"column":175}},"10":{"start":{"line":16,"column":94},"end":{"line":16,"column":107}},"11":{"start":{"line":16,"column":121},"end":{"line":16,"column":131}},"12":{"start":{"line":16,"column":151},"end":{"line":16,"column":165}},"13":{"start":{"line":16,"column":166},"end":{"line":16,"column":173}},"14":{"start":{"line":16,"column":176},"end":{"line":16,"column":263}},"15":{"start":{"line":16,"column":193},"end":{"line":16,"column":208}},"16":{"start":{"line":16,"column":218},"end":{"line":16,"column":261}},"17":{"start":{"line":18,"column":33},"end":{"line":18,"column":387}},"18":{"start":{"line":18,"column":65},"end":{"line":18,"column":69}},"19":{"start":{"line":18,"column":78},"end":{"line":18,"column":87}},"20":{"start":{"line":18,"column":89},"end":{"line":18,"column":384}},"21":{"start":{"line":18,"column":147},"end":{"line":18,"column":167}},"22":{"start":{"line":18,"column":193},"end":{"line":18,"column":264}},"23":{"start":{"line":18,"column":290},"end":{"line":18,"column":360}},"24":{"start":{"line":18,"column":363},"end":{"line":18,"column":380}},"25":{"start":{"line":20,"column":50},"end":{"line":20,"column":151}},"26":{"start":{"line":20,"column":92},"end":{"line":20,"column":149}},"27":{"start":{"line":22,"column":44},"end":{"line":22,"column":315}},"28":{"start":{"line":22,"column":57},"end":{"line":22,"column":58}},"29":{"start":{"line":22,"column":102},"end":{"line":22,"column":110}},"30":{"start":{"line":22,"column":112},"end":{"line":22,"column":167}},"31":{"start":{"line":22,"column":168},"end":{"line":22,"column":199}},"32":{"start":{"line":22,"column":200},"end":{"line":22,"column":254}},"33":{"start":{"line":22,"column":227},"end":{"line":22,"column":254}},"34":{"start":{"line":22,"column":255},"end":{"line":22,"column":313}},"35":{"start":{"line":24,"column":62},"end":{"line":24,"column":131}},"36":{"start":{"line":24,"column":78},"end":{"line":24,"column":131}},"37":{"start":{"line":24,"column":132},"end":{"line":24,"column":193}},"38":{"start":{"line":24,"column":149},"end":{"line":24,"column":193}},"39":{"start":{"line":24,"column":194},"end":{"line":24,"column":263}},"40":{"start":{"line":24,"column":264},"end":{"line":24,"column":283}},"41":{"start":{"line":33,"column":34},"end":{"line":352,"column":3}},"42":{"start":{"line":35,"column":4},"end":{"line":35,"column":42}},"43":{"start":{"line":38,"column":2},"end":{"line":349,"column":6}},"44":{"start":{"line":48,"column":30},"end":{"line":67,"column":9}},"45":{"start":{"line":50,"column":8},"end":{"line":66,"column":20}},"46":{"start":{"line":51,"column":10},"end":{"line":65,"column":11}},"47":{"start":{"line":52,"column":12},"end":{"line":64,"column":13}},"48":{"start":{"line":54,"column":16},"end":{"line":54,"column":34}},"49":{"start":{"line":55,"column":16},"end":{"line":55,"column":97}},"50":{"start":{"line":58,"column":16},"end":{"line":58,"column":37}},"51":{"start":{"line":59,"column":16},"end":{"line":59,"column":55}},"52":{"start":{"line":63,"column":16},"end":{"line":63,"column":39}},"53":{"start":{"line":70,"column":8},"end":{"line":70,"column":56}},"54":{"start":{"line":73,"column":6},"end":{"line":73,"column":30}},"55":{"start":{"line":85,"column":31},"end":{"line":104,"column":9}},"56":{"start":{"line":87,"column":8},"end":{"line":103,"column":21}},"57":{"start":{"line":88,"column":10},"end":{"line":102,"column":11}},"58":{"start":{"line":89,"column":12},"end":{"line":101,"column":13}},"59":{"start":{"line":91,"column":16},"end":{"line":91,"column":35}},"60":{"start":{"line":92,"column":16},"end":{"line":92,"column":99}},"61":{"start":{"line":95,"column":16},"end":{"line":95,"column":38}},"62":{"start":{"line":96,"column":16},"end":{"line":96,"column":56}},"63":{"start":{"line":100,"column":16},"end":{"line":100,"column":40}},"64":{"start":{"line":107,"column":8},"end":{"line":107,"column":57}},"65":{"start":{"line":110,"column":6},"end":{"line":110,"column":31}},"66":{"start":{"line":122,"column":27},"end":{"line":141,"column":9}},"67":{"start":{"line":124,"column":8},"end":{"line":140,"column":21}},"68":{"start":{"line":125,"column":10},"end":{"line":139,"column":11}},"69":{"start":{"line":126,"column":12},"end":{"line":138,"column":13}},"70":{"start":{"line":128,"column":16},"end":{"line":128,"column":35}},"71":{"start":{"line":129,"column":16},"end":{"line":129,"column":81}},"72":{"start":{"line":132,"column":16},"end":{"line":132,"column":38}},"73":{"start":{"line":133,"column":16},"end":{"line":133,"column":56}},"74":{"start":{"line":137,"column":16},"end":{"line":137,"column":40}},"75":{"start":{"line":144,"column":8},"end":{"line":144,"column":53}},"76":{"start":{"line":147,"column":6},"end":{"line":147,"column":27}},"77":{"start":{"line":157,"column":28},"end":{"line":176,"column":9}},"78":{"start":{"line":159,"column":8},"end":{"line":175,"column":21}},"79":{"start":{"line":160,"column":10},"end":{"line":174,"column":11}},"80":{"start":{"line":161,"column":12},"end":{"line":173,"column":13}},"81":{"start":{"line":163,"column":16},"end":{"line":163,"column":35}},"82":{"start":{"line":164,"column":16},"end":{"line":164,"column":67}},"83":{"start":{"line":167,"column":16},"end":{"line":167,"column":38}},"84":{"start":{"line":168,"column":16},"end":{"line":168,"column":56}},"85":{"start":{"line":172,"column":16},"end":{"line":172,"column":40}},"86":{"start":{"line":179,"column":8},"end":{"line":179,"column":54}},"87":{"start":{"line":182,"column":6},"end":{"line":182,"column":28}},"88":{"start":{"line":194,"column":31},"end":{"line":208,"column":9}},"89":{"start":{"line":195,"column":8},"end":{"line":207,"column":21}},"90":{"start":{"line":196,"column":10},"end":{"line":206,"column":11}},"91":{"start":{"line":197,"column":12},"end":{"line":205,"column":13}},"92":{"start":{"line":199,"column":16},"end":{"line":199,"column":35}},"93":{"start":{"line":200,"column":16},"end":{"line":200,"column":99}},"94":{"start":{"line":204,"column":16},"end":{"line":204,"column":40}},"95":{"start":{"line":211,"column":8},"end":{"line":211,"column":57}},"96":{"start":{"line":214,"column":6},"end":{"line":214,"column":31}},"97":{"start":{"line":228,"column":31},"end":{"line":282,"column":9}},"98":{"start":{"line":230,"column":8},"end":{"line":281,"column":27}},"99":{"start":{"line":231,"column":10},"end":{"line":280,"column":11}},"100":{"start":{"line":232,"column":12},"end":{"line":279,"column":13}},"101":{"start":{"line":234,"column":16},"end":{"line":237,"column":17}},"102":{"start":{"line":235,"column":18},"end":{"line":235,"column":37}},"103":{"start":{"line":236,"column":18},"end":{"line":236,"column":24}},"104":{"start":{"line":239,"column":16},"end":{"line":239,"column":35}},"105":{"start":{"line":240,"column":16},"end":{"line":240,"column":100}},"106":{"start":{"line":243,"column":16},"end":{"line":243,"column":38}},"107":{"start":{"line":246,"column":16},"end":{"line":246,"column":35}},"108":{"start":{"line":247,"column":16},"end":{"line":261,"column":19}},"109":{"start":{"line":264,"column":16},"end":{"line":264,"column":38}},"110":{"start":{"line":266,"column":16},"end":{"line":269,"column":17}},"111":{"start":{"line":267,"column":18},"end":{"line":267,"column":37}},"112":{"start":{"line":268,"column":18},"end":{"line":268,"column":24}},"113":{"start":{"line":271,"column":16},"end":{"line":271,"column":95}},"114":{"start":{"line":274,"column":16},"end":{"line":274,"column":61}},"115":{"start":{"line":278,"column":16},"end":{"line":278,"column":40}},"116":{"start":{"line":285,"column":8},"end":{"line":285,"column":57}},"117":{"start":{"line":288,"column":6},"end":{"line":288,"column":31}},"118":{"start":{"line":299,"column":28},"end":{"line":341,"column":9}},"119":{"start":{"line":301,"column":8},"end":{"line":340,"column":27}},"120":{"start":{"line":302,"column":10},"end":{"line":339,"column":11}},"121":{"start":{"line":303,"column":12},"end":{"line":338,"column":13}},"122":{"start":{"line":305,"column":16},"end":{"line":308,"column":17}},"123":{"start":{"line":306,"column":18},"end":{"line":306,"column":37}},"124":{"start":{"line":307,"column":18},"end":{"line":307,"column":24}},"125":{"start":{"line":310,"column":16},"end":{"line":310,"column":35}},"126":{"start":{"line":311,"column":16},"end":{"line":311,"column":94}},"127":{"start":{"line":314,"column":16},"end":{"line":314,"column":38}},"128":{"start":{"line":317,"column":16},"end":{"line":317,"column":35}},"129":{"start":{"line":318,"column":16},"end":{"line":329,"column":19}},"130":{"start":{"line":332,"column":16},"end":{"line":332,"column":38}},"131":{"start":{"line":333,"column":16},"end":{"line":333,"column":56}},"132":{"start":{"line":337,"column":16},"end":{"line":337,"column":40}},"133":{"start":{"line":344,"column":8},"end":{"line":344,"column":54}},"134":{"start":{"line":347,"column":6},"end":{"line":347,"column":28}},"135":{"start":{"line":351,"column":2},"end":{"line":351,"column":24}},"136":{"start":{"line":354,"column":15},"end":{"line":354,"column":29}},"137":{"start":{"line":355,"column":0},"end":{"line":355,"column":30}}},"fnMap":{"0":{"name":"_interopRequireDefault","decl":{"start":{"line":12,"column":9},"end":{"line":12,"column":31}},"loc":{"start":{"line":12,"column":37},"end":{"line":12,"column":97}},"line":12},"1":{"name":"_defineProperty","decl":{"start":{"line":14,"column":9},"end":{"line":14,"column":24}},"loc":{"start":{"line":14,"column":42},"end":{"line":14,"column":209}},"line":14},"2":{"name":"asyncGeneratorStep","decl":{"start":{"line":16,"column":9},"end":{"line":16,"column":27}},"loc":{"start":{"line":16,"column":75},"end":{"line":16,"column":265}},"line":16},"3":{"name":"_asyncToGenerator","decl":{"start":{"line":18,"column":9},"end":{"line":18,"column":26}},"loc":{"start":{"line":18,"column":31},"end":{"line":18,"column":389}},"line":18},"4":{"name":"(anonymous_4)","decl":{"start":{"line":18,"column":40},"end":{"line":18,"column":41}},"loc":{"start":{"line":18,"column":52},"end":{"line":18,"column":386}},"line":18},"5":{"name":"(anonymous_5)","decl":{"start":{"line":18,"column":108},"end":{"line":18,"column":109}},"loc":{"start":{"line":18,"column":135},"end":{"line":18,"column":382}},"line":18},"6":{"name":"_next","decl":{"start":{"line":18,"column":178},"end":{"line":18,"column":183}},"loc":{"start":{"line":18,"column":191},"end":{"line":18,"column":266}},"line":18},"7":{"name":"_throw","decl":{"start":{"line":18,"column":276},"end":{"line":18,"column":282}},"loc":{"start":{"line":18,"column":288},"end":{"line":18,"column":362}},"line":18},"8":{"name":"_classCallCheck","decl":{"start":{"line":20,"column":9},"end":{"line":20,"column":24}},"loc":{"start":{"line":20,"column":48},"end":{"line":20,"column":153}},"line":20},"9":{"name":"_defineProperties","decl":{"start":{"line":22,"column":9},"end":{"line":22,"column":26}},"loc":{"start":{"line":22,"column":42},"end":{"line":22,"column":317}},"line":22},"10":{"name":"_createClass","decl":{"start":{"line":24,"column":9},"end":{"line":24,"column":21}},"loc":{"start":{"line":24,"column":60},"end":{"line":24,"column":285}},"line":24},"11":{"name":"(anonymous_11)","decl":{"start":{"line":33,"column":34},"end":{"line":33,"column":35}},"loc":{"start":{"line":33,"column":46},"end":{"line":352,"column":1}},"line":33},"12":{"name":"EmployeeHelper","decl":{"start":{"line":34,"column":11},"end":{"line":34,"column":25}},"loc":{"start":{"line":34,"column":28},"end":{"line":36,"column":3}},"line":34},"13":{"name":"(anonymous_13)","decl":{"start":{"line":47,"column":4},"end":{"line":47,"column":5}},"loc":{"start":{"line":47,"column":16},"end":{"line":74,"column":5}},"line":47},"14":{"name":"_callee","decl":{"start":{"line":48,"column":95},"end":{"line":48,"column":102}},"loc":{"start":{"line":48,"column":121},"end":{"line":67,"column":7}},"line":48},"15":{"name":"_callee$","decl":{"start":{"line":50,"column":48},"end":{"line":50,"column":56}},"loc":{"start":{"line":50,"column":67},"end":{"line":66,"column":9}},"line":50},"16":{"name":"findOneEmployees","decl":{"start":{"line":69,"column":15},"end":{"line":69,"column":31}},"loc":{"start":{"line":69,"column":41},"end":{"line":71,"column":7}},"line":69},"17":{"name":"(anonymous_17)","decl":{"start":{"line":84,"column":11},"end":{"line":84,"column":12}},"loc":{"start":{"line":84,"column":23},"end":{"line":111,"column":5}},"line":84},"18":{"name":"_callee2","decl":{"start":{"line":85,"column":96},"end":{"line":85,"column":104}},"loc":{"start":{"line":85,"column":123},"end":{"line":104,"column":7}},"line":85},"19":{"name":"_callee2$","decl":{"start":{"line":87,"column":48},"end":{"line":87,"column":57}},"loc":{"start":{"line":87,"column":69},"end":{"line":103,"column":9}},"line":87},"20":{"name":"findOneDepertment","decl":{"start":{"line":106,"column":15},"end":{"line":106,"column":32}},"loc":{"start":{"line":106,"column":43},"end":{"line":108,"column":7}},"line":106},"21":{"name":"(anonymous_21)","decl":{"start":{"line":121,"column":11},"end":{"line":121,"column":12}},"loc":{"start":{"line":121,"column":23},"end":{"line":148,"column":5}},"line":121},"22":{"name":"_callee3","decl":{"start":{"line":122,"column":92},"end":{"line":122,"column":100}},"loc":{"start":{"line":122,"column":114},"end":{"line":141,"column":7}},"line":122},"23":{"name":"_callee3$","decl":{"start":{"line":124,"column":48},"end":{"line":124,"column":57}},"loc":{"start":{"line":124,"column":69},"end":{"line":140,"column":9}},"line":124},"24":{"name":"findEmployees","decl":{"start":{"line":143,"column":15},"end":{"line":143,"column":28}},"loc":{"start":{"line":143,"column":39},"end":{"line":145,"column":7}},"line
[...]
":{"line":34,"column":4},"end":{"line":73,"column":16}},"29":{"start":{"line":35,"column":6},"end":{"line":72,"column":7}},"30":{"start":{"line":36,"column":8},"end":{"line":71,"column":9}},"31":{"start":{"line":38,"column":12},"end":{"line":41,"column":13}},"32":{"start":{"line":39,"column":14},"end":{"line":39,"column":32}},"33":{"start":{"line":40,"column":14},"end":{"line":40,"column":20}},"34":{"start":{"line":43,"column":12},"end":{"line":43,"column":28}},"35":{"start":{"line":44,"column":12},"end":{"line":44,"column":53}},"36":{"start":{"line":47,"column":12},"end":{"line":47,"column":30}},"37":{"start":{"line":48,"column":12},"end":{"line":48,"column":69}},"38":{"start":{"line":51,"column":12},"end":{"line":51,"column":40}},"39":{"start":{"line":52,"column":12},"end":{"line":56,"column":14}},"40":{"start":{"line":57,"column":12},"end":{"line":66,"column":15}},"41":{"start":{"line":58,"column":14},"end":{"line":62,"column":15}},"42":{"start":{"line":59,"column":16},"end":{"line":59,"column":106}},"43":{"start":{"line":61,"column":16},"end":{"line":61,"column":64}},"44":{"start":{"line":64,"column":14},"end":{"line":64,"column":33}},"45":{"start":{"line":65,"column":14},"end":{"line":65,"column":28}},"46":{"start":{"line":70,"column":12},"end":{"line":70,"column":35}},"47":{"start":{"line":76,"column":2},"end":{"line":78,"column":4}},"48":{"start":{"line":77,"column":4},"end":{"line":77,"column":39}},"49":{"start":{"line":81,"column":15},"end":{"line":81,"column":35}},"50":{"start":{"line":82,"column":0},"end":{"line":82,"column":30}}},"fnMap":{"0":{"name":"_interopRequireDefault","decl":{"start":{"line":18,"column":9},"end":{"line":18,"column":31}},"loc":{"start":{"line":18,"column":37},"end":{"line":18,"column":97}},"line":18},"1":{"name":"asyncGeneratorStep","decl":{"start":{"line":20,"column":9},"end":{"line":20,"column":27}},"loc":{"start":{"line":20,"column":75},"end":{"line":20,"column":265}},"line":20},"2":{"name":"_asyncToGenerator","decl":{"start":{"line":22,"column":9},"end":{"line":22,"column":26}},"loc":{"start":{"line":22,"column":31},"end":{"line":22,"column":389}},"line":22},"3":{"name":"(anonymous_3)","decl":{"start":{"line":22,"column":40},"end":{"line":22,"column":41}},"loc":{"start":{"line":22,"column":52},"end":{"line":22,"column":386}},"line":22},"4":{"name":"(anonymous_4)","decl":{"start":{"line":22,"column":108},"end":{"line":22,"column":109}},"loc":{"start":{"line":22,"column":135},"end":{"line":22,"column":382}},"line":22},"5":{"name":"_next","decl":{"start":{"line":22,"column":178},"end":{"line":22,"column":183}},"loc":{"start":{"line":22,"column":191},"end":{"line":22,"column":266}},"line":22},"6":{"name":"_throw","decl":{"start":{"line":22,"column":276},"end":{"line":22,"column":282}},"loc":{"start":{"line":22,"column":288},"end":{"line":22,"column":362}},"line":22},"7":{"name":"(anonymous_7)","decl":{"start":{"line":31,"column":40},"end":{"line":31,"column":41}},"loc":{"start":{"line":31,"column":52},"end":{"line":79,"column":1}},"line":31},"8":{"name":"_callee","decl":{"start":{"line":32,"column":78},"end":{"line":32,"column":85}},"loc":{"start":{"line":32,"column":102},"end":{"line":74,"column":3}},"line":32},"9":{"name":"_callee$","decl":{"start":{"line":34,"column":44},"end":{"line":34,"column":52}},"loc":{"start":{"line":34,"column":63},"end":{"line":73,"column":5}},"line":34},"10":{"name":"(anonymous_10)","decl":{"start":{"line":57,"column":36},"end":{"line":57,"column":37}},"loc":{"start":{"line":57,"column":61},"end":{"line":66,"column":13}},"line":57},"11":{"name":"awsUploadFileService","decl":{"start":{"line":76,"column":18},"end":{"line":76,"column":38}},"loc":{"start":{"line":76,"column":53},"end":{"line":78,"column":3}},"line":76}},"branchMap":{"0":{"loc":{"start":{"line":18,"column":46},"end":{"line":18,"column":94}},"type":"cond-expr","locations":[{"start":{"line":18,"column":70},"end":{"line":18,"column":73}},{"start":{"line":18,"column":76},"end":{"line":18,"column":94}}],"line":18},"1":{"loc":{"start":{"line":18,"column":46},"end":{"line":18,"column":67}},"type":"binary-expr","locations":[{"start":{"line":18,"column":46},"end":{"line":18,"column":49}},{"start":{"line":18,"column":53},"end":{"line":18,"column":67}}],"line":18},"2":{"loc":{"start":{"line":20,"column":176},"end":{"line":20,"column":263}},"type":"if","locations":[{"start":{"line":20,"column":176},"end":{"line":20,"column":263}},{"start":{"line":20,"column":176},"end":{"line":20,"column":263}}],"line":20},"3":{"loc":{"start":{"line":36,"column":8},"end":{"line":71,"column":9}},"type":"switch","locations":[{"start":{"line":37,"column":10},"end":{"line":44,"column":53}},{"start":{"line":46,"column":10},"end":{"line":48,"column":69}},{"start":{"line":50,"column":10},"end":{"line":66,"column":15}},{"start":{"line":68,"column":10},"end":{"line":68,"column":17}},{"start":{"line":69,"column":10},"end":{"line":70,"column":35}}],"line":36},"4":{"loc":{"start":{"line":38,"column":12},"end":{"line":41,"column":13}},"type":"if","locations":[{"start":{"line":38,"column":12},"end":{"line":41,"column":13}},{"start":{"line":38,"column":12},"end":{"line":41,"column":13}}],"line":38},"5":{"loc":{"start":{"line":58,"column":14},"end":{"line":62,"column":15}},"type":"if","locations":[{"start":{"line":58,"column":14},"end":{"line":62,"column":15}},{"start":{"line":58,"column":14},"end":{"line":62,"column":15}}],"line":58}},"s":{"0":1,"1":1,"2":1,"3":1,"4":1,"5":1,"6":1,"7":4,"8":6,"9":6,"10":6,"11":0,"12":0,"13":6,"14":4,"15":2,"16":1,"17":4,"18":4,"19":4,"20":4,"21":6,"22":0,"23":4,"24":1,"25":1,"26":1,"27":1,"28":4,"29":8,"30":10,"31":4,"32":2,"33":2,"34":2,"35":2,"36":2,"37":2,"38":2,"39":2,"40":2,"41":2,"42":0,"43":0,"44":2,"45":2,"46":4,"47":1,"48":4,"49":1,"50":1},"f":{"0":4,"1":6,"2":1,"3":4,"4":4,"5":6,"6":0,"7":1,"8":4,"9":8,"10":2,"11":4},"b":{"0":[1,3],"1":[4,4],"2":[4,2],"3":[4,2,2,2,4],"4":[2,2],"5":[0,2]},"inputSourceMap":{"version":3,"sources":["awsUploadFileService.js"],"names":["dotenv","config","s3bucket","AWS","S3","accessKeyId","process","env","ACCESSKEYID","secretAccessKey","SECRETACCESSKEY","awsUploadFileService","req","res","next","files","photo","file","fs","readFileSync","path","fileContent","params","Bucket","BUCKET_NAME","Key","name","Body","upload","error","result","responseHelper","handleError","SERVICE_UNAVAILABLE","toString","response"],"mappings":";;;;;;;AAEA;;AACA;;AACA;;AACA;;AACA;;;;;;;;AAEAA,mBAAOC,MAAP;;AAEA,IAAMC,QAAQ,GAAG,IAAIC,mBAAIC,EAAR,CAAW;AAC1BC,EAAAA,WAAW,EAAEC,OAAO,CAACC,GAAR,CAAYC,WADC;AAE1BC,EAAAA,eAAe,EAAEH,OAAO,CAACC,GAAR,CAAYG;AAFH,CAAX,CAAjB;;AAKA,IAAMC,oBAAoB;AAAA,qEAAG,iBAAOC,GAAP,EAAYC,GAAZ,EAAiBC,IAAjB;AAAA;AAAA;AAAA;AAAA;AAAA;AAAA,gBACtBF,GAAG,CAACG,KAAJ,CAAUC,KADY;AAAA;AAAA;AAAA;;AAEzBJ,YAAAA,GAAG,CAACK,IAAJ,GAAW,IAAX;AAFyB,6CAGlBH,IAAI,EAHc;;AAAA;AAAA;AAAA,mBAMDI,eAAGC,YAAH,CAAgBP,GAAG,CAACG,KAAJ,CAAUC,KAAV,CAAgBI,IAAhC,CANC;;AAAA;AAMrBC,YAAAA,WANqB;AAOrBC,YAAAA,MAPqB,GAOZ;AAAEC,cAAAA,MAAM,EAAEjB,OAAO,CAACC,GAAR,CAAYiB,WAAtB;AAAmCC,cAAAA,GAAG,EAAEb,GAAG,CAACG,KAAJ,CAAUC,KAAV,CAAgBU,IAAxD;AAA8DC,cAAAA,IAAI,EAAEN;AAApE,aAPY;AAS3BnB,YAAAA,QAAQ,CAAC0B,MAAT,CAAgBN,MAAhB,EAAwB,UAACO,KAAD,EAAQC,MAAR,EAAmB;AACzC,kBAAID,KAAJ,EAAW;AACTE,2CAAeC,WAAf,CAA2BC,+BAA3B,EAAgDJ,KAAK,CAACK,QAAN,EAAhD;;AACA,uBAAOH,2BAAeI,QAAf,CAAwBtB,GAAxB,CAAP;AACD;;AAEDD,cAAAA,GAAG,CAACI,KAAJ,GAAYc,MAAZ;AACA,qBAAOhB,IAAI,EAAX;AACD,aARD;;AAT2B;AAAA;AAAA;AAAA;AAAA;AAAA;AAAA,GAAH;;AAAA,kBAApBH,oBAAoB;AAAA;AAAA;AAAA,GAA1B;;eAoBeA,oB","sourceRoot":"C:\\Users\\this PC\\Desktop\\backend-task-2nd-round\\src\\services\\","sourcesContent":["/* eslint-disable consistent-return */\n\nimport fs from 'fs';\nimport AWS from 'aws-sdk';\nimport dotenv from 'dotenv';\nimport { SERVICE_UNAVAILABLE } from 'http-status';\nimport responseHelper from '../helpers/responseHelper';\n\ndotenv.config();\n\nconst s3bucket = new AWS.S3({\n  accessKeyId: process.env.ACCESSKEYID,\n  secretAccessKey: process.env.SECRETACCESSKEY,\n});\n\nconst awsUploadFileService = async (req, res, next) => {\n  if (!req.files.photo) {\n    req.file = null;\n    return next();\n  }\n\n  const fileContent = await fs.readFileSync(req.files.photo.path);\n  const params = { Bucket: process.env.BUCKET_NAME, Key: req.files.photo.name, Body: fileContent };\n\n  s3bucket.upload(params, (error, result) => {\n    if (error) {\n      responseHelper.handleError(SERVICE_UNAVAILABLE, error.toString());\n      return responseHelper.response(res);\n    }\n\n    req.photo = result;\n    return next();\n  });\n};\n\nexport default awsUploadFileService;\n"]},"_coverageSchema":"1a1c01bbd47fc00a2c39e90264f33305004495a9","hash":"8645cc9f6ac6b4341823396b6bbd76313f89907b","contentHash":"ced3c5f1b384a784c9d3d758cd25f4a92bcd66ad3b5e802010a90660722b58ad"},"C:\\Users\\this PC\\Desktop\\backend-task-2nd-round\\src\\middlewares\\schemaMiddleware.js":{"path":"C:\\Users\\this PC\\Desktop\\backend-task-2nd-round\\src\\middlewares\\schemaMiddleware.js","statementMap":{"0":{"start":{"line":3,"column":0},"end":{"line":5,"column":3}},"1":{"start":{"line":6,"column":0},"end":{"line":6,"column":40}},"2":{"start":{"line":8,"column":11},"end":{"line":8,"column":49}},"3":{"start":{"line":10,"column":22},"end":{"line":10,"column":73}},"4":{"start":{"line":12,"column":22},"end":{"line":12,"column":73}},"5":{"start":{"line":14,"column":39},"end":{"line":14,"column":95}},"6":{"start":{"line":16,"column":16},"end":{"line":16,"column":66}},"7":{"start":{"line":26,"column":29},"end":{"line":73,"column":1}},"8":{"start":{"line":27,"column":19},"end":{"line":70,"column":4}},"9":{"start":{"line":72,"column":2},"end":{"line":72,"column":74}},"10":{"start":{"line":75,"column":0},"end":{"line":75,"column":56}}},"fnMap":{"0":{"name":"_interopRequireDefault","decl":{"start":{"line":14,"column":9},"end":{"line":14,"column":31}},"loc":{"start":{"line":14,"column":37},"end":{"line":14,"column":97}},"line":14},"1":{"name":"validateUpdateEmployee","decl":{"start":{"line":26,"column":38},"end":{"line":26,"column":60}},"loc":{"start":{"line":26,"column":77},"end":{"line":73,"column":1}},"line":26}},"branchMap":{"0":{"loc":{"start":{"line":14,"column":46},"end":{"line":14,"column":94}},"type":"cond-expr","locations":[{"start":{"line":14,"column":70},"end":{"line":14,"column":73}},{"start":{"line":14,"column":76},"end":{"line":14,"column":94}}],"line":14},"1":{"loc":{"start":{"line":14,"column":46},"end":{"line":14,"column":67}},"type":"binary-expr","locations":[{"start":{"line":14,"column":46},"end":{"line":14,"column":49}},{"start":{"line":14,"column":53},"end":{"line":14,"column":67}}],"line":14}},"s":{"0":1,"1":1,"2":1,"3":1,"4":1,"5":3,"6":1,"7":1,"8":4,"9":4,"10":1},"f":{"0":3,"1":4},"b":{"0":[1,2],"1":[3,3]},"inputSourceMap":{"version":3,"sources":["schemaMiddleware.js"],"names":["customJoi","Joi","extend","joiPhone","validateUpdateEmployee","req","res","next","dataSchema","object","keys","name","string","min","max","messages","photo","email","phone","phoneNumber","format","strict","dob","date","Date","toISOString","split","address","salary","employmentDate","depertmentPosition","valid","options","abortEarly","body"],"mappings":";;;;;;;AAAA;;AACA;;AACA;;;;AAEA,IAAMA,SAAS,GAAGC,gBAAIC,MAAJ,CAAWC,0BAAX,CAAlB;AAEA;AACA;AACA;AACA;AACA;AACA;AACA;;;AACA,IAAMC,sBAAsB,GAAG,SAAzBA,sBAAyB,CAACC,GAAD,EAAMC,GAAN,EAAWC,IAAX,EAAoB;AACjD,MAAMC,UAAU,GAAGP,gBAAIQ,MAAJ,GAChBC,IADgB,CACX;AACJC,IAAAA,IAAI,EAAEV,gBAAIW,MAAJ,GAAaC,GAAb,CAAiB,CAAjB,EAAoBC,GAApB,CAAwB,EAAxB,EACHC,QADG,CACM;AACR,sBAAgB,kBADR;AAER,sBAAgB;AAFR,KADN,CADF;AAMJC,IAAAA,KAAK,EAAEf,gBAAIW,MAAJ,GACJG,QADI,CACK;AACR,sBAAgB,mBADR;AAER,sBAAgB;AAFR,KADL,CANH;AAWJE,IAAAA,KAAK,EAAEhB,gBAAIW,MAAJ,GAAaC,GAAb,CAAiB,CAAjB,EAAoBC,GAApB,CAAwB,EAAxB,EACJC,QADI,CACK;AACR,sBAAgB,mBADR;AAER,sBAAgB;AAFR,KADL,CAXH;AAgBJG,IAAAA,KAAK,EAAElB,SAAS,CAACY,MAAV,GAAmBO,WAAnB,CAA+B;AAAEC,MAAAA,MAAM,EAAE,eAAV;AAA2BC,MAAAA,MAAM,EAAE;AAAnC,KAA/B,EAA0EN,QAA1E,CAAmF;AACxF,sBAAgB,mBADwE;AAExF,sBAAgB,kCAFwE;AAGxF,6BAAuB;AAHiE,KAAnF,CAhBH;AAqBJO,IAAAA,GAAG,EAAErB,gBAAIsB,IAAJ,GAAWV,GAAX,CAAe,IAAIW,IAAJ,CAAS,YAAT,EAAuBC,WAAvB,GAAqCC,KAArC,CAA2C,GAA3C,EAAgD,CAAhD,CAAf,EAAmEZ,GAAnE,CAAuE,IAAIU,IAAJ,GAAWC,WAAX,GAAyBC,KAAzB,CAA+B,GAA/B,EAAoC,CAApC,CAAvE,EACFX,QADE,CACO;AACR,sBAAgB,iBADR;AAER,sBAAgB;AAFR,KADP,CArBD;AA0BJY,IAAAA,OAAO,EAAE1B,gBAAIW,MAAJ,GACNG,QADM,CACG;AACR,sBAAgB,qBADR;AAER,sBAAgB;AAFR,KADH,CA1BL;AA+BJa,IAAAA,MAAM,EAAE3B,gBAAIW,MAAJ,GACLG,QADK,CACI;AACR,sBAAgB,oBADR;AAER,sBAAgB;AAFR,KADJ,CA/BJ;AAoCJc,IAAAA,cAAc,EAAE5B,gBAAIsB,IAAJ,GACbR,QADa,CACJ;AACR,sBAAgB,4BADR;AAER,sBAAgB;AAFR,KADI,CApCZ;AAyCJe,IAAAA,kBAAkB,EAAE7B,gBAAIW,MAAJ,GAAamB,KAAb,CAAmB,gBAAnB,EAAqC,WAArC,EAAkD,6BAAlD,EAAiF,YAAjF,EAA+FhB,QAA/F,CAAwG;AAC1H,sBAAgB,gCAD0G;AAE1H,sBAAgB;AAF0G,KAAxG;AAzChB,GADW,EA+ChBiB,OA/CgB,CA+CR;AAAEC,IAAAA,UAAU,EAAE;AAAd,GA/CQ,CAAnB;;AAiDA,SAAO,gCAAezB,UAAf,EAA2BH,GAAG,CAAC6B,IAA/B,EAAqC5B,GAArC,EAA0CC,IAA1C,CAAP;AACD,CAnDD","sourceRoot":"C:\\Users\\this PC\\Desktop\\backend-task-2nd-round\\src\\middlewares\\","sourcesContent":["import Joi from 'joi';\nimport joiPhone from 'joi-phone-number';\nimport validateSchema from './validateSchema';\n\nconst customJoi = Joi.extend(joiPhone);\n\n/**\n * Handle validateUpdateEmployee.\n* @param {object} req user request.\n* @param {object} res data response.\n* @param {object} next if true move response.\n* @returns {object} returned object of data.\n*/\nconst validateUpdateEmployee = (req, res, next) => {\n  const dataSchema = Joi.object()\n    .keys({\n      name: Joi.string().min(3).max(50)\n        .messages({\n          'any.required': 'name is required',\n          'string.empty': 'name is not allowed to be empty',\n        }),\n      photo: Joi.string()\n        .messages({\n          'any.required': 'photo is required',\n          'string.empty': 'photo is not allowed to be empty',\n        }),\n      email: Joi.string().min(3).max(50)\n        .messages({\n          'any.required': 'email is required',\n          'string.empty': 'email is not allowed to be empty',\n        }),\n      phone: customJoi.string().phoneNumber({ format: 'international', strict: true }).messages({\n        'any.required': 'phone is required',\n        'string.empty': 'phone is not allowed to be empty',\n        'phoneNumber.invalid': 'phone did not seem to be a phone number',\n      }),\n      dob: Joi.date().min(new Date('1900-01-01').toISOString().split('T')[0]).max(new Date().toISOString().split('T')[0])\n        .messages({\n          'any.required': 'dob is required',\n          'string.empty': 'dob is not allowed to be empty',\n        }),\n      address: Joi.string()\n        .messages({\n          'any.required': 'address is required',\n          'string.empty': 'address is not allowed to be empty',\n        }),\n      salary: Joi.string()\n        .messages({\n          'any.required': 'salary is required',\n          'string.empty': 'salary is not allowed to be empty',\n        }),\n      employmentDate: Joi.date()\n        .messages({\n          'any.required': 'employmentDate is required',\n          'string.empty': 'employmentDate is not allowed to be empty',\n        }),\n      depertmentPosition: Joi.string().valid('Human Resource', 'Insurance', 'Web Application Development', 'Networking').messages({\n        'any.required': 'depertmentPosition is required',\n        'string.empty': 'depertmentPosition is not allowed to be empty',\n      }),\n    })\n    .options({ abortEarly: false });\n\n  return validateSchema(dataSchema, req.body, res, next);\n};\n\nexport { validateUpdateEmployee };\n"]},"_coverageSchema":"1a1c01bbd47fc00a2c39e90264f33305004495a9","hash":"2de4cc24b3a22f3bbb447fbd3157fc1b335bac9b","contentHash":"f640b7500ffe32a09fbe46a0bf03102d2e9e2c2c47da6031476e0ae535b1f792"},"C:\\Users\\this PC\\Desktop\\backend-task-2nd-round\\src\\middlewares\\validateSchema.js":{"path":"C:\\Users\\this PC\\Desktop\\backend-task-2nd-round\\src\\middlewares\\validateSchema.js","statementMap":{"0":{"start":{"line":3,"column":0},"end":{"line":5,"column":3}},"1":{"start":{"line":6,"column":0},"end":{"line":6,"column":28}},"2":{"start":{"line":8,"column":18},"end":{"line":8,"column":40}},"3":{"start":{"line":10,"column":22},"end":{"line":10,"column":82}},"4":{"start":{"line":12,"column":39},"end":{"line":12,"column":95}},"5":{"start":{"line":14,"column":21},"end":{"line":29,"column":1}},"6":{"start":{"line":15,"column":25},"end":{"line":15,"column":46}},"7":{"start":{"line":16,"column":14},"end":{"line":16,"column":36}},"8":{"start":{"line":18,"column":2},"end":{"line":26,"column":3}},"9":{"start":{"line":19,"column":17},"end":{"line":21,"column":6}},"10":{"start":{"line":20,"column":6},"end":{"line":20,"column":25}},"11":{"start":{"line":23,"column":4},"end":{"line":23,"column":97}},"12":{"start":{"line":25,"column":4},"end":{"line":25,"column":52}},"13":{"start":{"line":28,"column":2},"end":{"line":28,"column":16}},"14":{"start":{"line":31,"column":15},"end":{"line":31,"column":29}},"15":{"start":{"line":32,"column":0},"end":{"line":32,"column":30}}},"fnMap":{"0":{"name":"_interopRequireDefault","decl":{"start":{"line":12,"column":9},"end":{"line":12,"column":31}},"loc":{"start":{"line":12,"column":37},"end":{"line":12,"column":97}},"line":12},"1":{"name":"validateSchema","decl":{"start":{"line":14,"column":30},"end":{"line":14,"column":44}},"loc":{"start":{"line":14,"column":70},"end":{"line":29,"column":1}},"line":14},"2":{"name":"(anonymous_2)","decl":{"start":{"line":19,"column":35},"end":{"line":19,"column":36}},"loc":{"start":{"line":19,"column":50},"end":{"line":21,"column":5}},"line":19}},"branchMap":{"0":{"loc":{"start":{"line":12,"column":46},"end":{"line":12,"column":94}},"type":"cond-expr","locations":[{"start":{"line":12,"column":70},"end":{"line":12,"column":73}},{"start":{"line":12,"column":76},"end":{"line":12,"column":94}}],"line":12},"1":{"loc":{"start":{"line":12,"column":46},"end":{"line":12,"column":67}},"type":"binary-expr","locations":[{"start":{"line":12,"column":46},"end":{"line":12,"column":49}},{"start":{"line":12,"column":53},"end":{"line":12,"column":67}}],"line":12},"2":{"loc":{"start":{"line":18,"column":2},"end":{"line":26,"column":3}},"type":"if","locations":[{"start":{"line":18,"column":2},"end":{"line":26,"column":3}},{"start":{"line":18,"column":2},"end":{"line":26,"column":3}}],"line":18}},"s":{"0":1,"1":1,"2":1,"3":1,"4":1,"5":1,"6":4,"7":4,"8":4,"9":0,"10":0,"11":0,"12":0,"13":4,"14":1,"15":1},"f":{"0":1,"1":4,"2":0},"b":{"0":[1,0],"1":[1,1],"2":[0,4]},"inputSourceMap":{"version":3,"sources":["validateSchema.js"],"names":["validateSchema","schema","body","res","next","validate","error","errors","details","map","err","message","helper","handleError","BAD_REQUEST","replace","response"],"mappings":";;;;;;;AAAA;;AACA;;;;AAEA,IAAMA,cAAc,GAAG,SAAjBA,cAAiB,CAACC,MAAD,EAASC,IAAT,EAAeC,GAAf,EAAoBC,IAApB,EAA6B;AAClD,yBAAkBH,MAAM,CAACI,QAAP,CAAgBH,IAAhB,CAAlB;AAAA,MAAQI,KAAR,oBAAQA,KAAR;;AAEA,MAAIA,KAAJ,EAAW;AACT,QAAMC,MAAM,GAAGD,KAAK,CAACE,OAAN,CAAcC,GAAd,CAAkB,UAACC,GAAD;AAAA,aAASA,GAAG,CAACC,OAAb;AAAA,KAAlB,CAAf;;AACAC,+BAAOC,WAAP,CAAmBC,uBAAnB,EAAgCP,MAAM,CAAC,CAAD,CAAN,CAAUQ,OAAV,CAAkB,IAAlB,EAAwB,EAAxB,CAAhC;;AACA,WAAOH,2BAAOI,QAAP,CAAgBb,GAAhB,CAAP;AACD;;AAED,SAAOC,IAAI,EAAX;AACD,CAVD;;eAYeJ,c","sourceRoot":"C:\\Users\\this PC\\Desktop\\backend-task-2nd-round\\src\\middlewares\\","sourcesContent":["import { BAD_REQUEST } from 'http-status';\nimport helper from '../helpers/responseHelper';\n\nconst validateSchema = (schema, body, res, next) => {\n  const { error } = schema.validate(body);\n\n  if (error) {\n    const errors = error.details.map((err) => err.message);\n    helper.handleError(BAD_REQUEST, errors[0].replace(/\"/g, ''));\n    return helper.response(res);\n  }\n\n  return next();\n};\n\nexport default validateSchema;\n"]},"_coverageSchema":"1a1c01bbd47fc00a2c39e90264f33305004495a9","hash":"3c49172f5c541e5ba91b2eba2f524d75d02de5f1","contentHash":"c22d123c130a3c1fc732e0916abafb515c5df1e8e332a97515b09cf7d6fc0f02"}}