TN:
SF:src\index.js
FN:16,(anonymous_1)
FN:17,(anonymous_2)
FN:21,(anonymous_3)
FN:23,(anonymous_4)
FNF:4
FNH:2
FNDA:0,(anonymous_1)
FNDA:1,(anonymous_2)
FNDA:0,(anonymous_3)
FNDA:1,(anonymous_4)
DA:1,1
DA:2,1
DA:3,1
DA:4,1
DA:5,1
DA:7,1
DA:8,1
DA:10,1
DA:11,1
DA:12,1
DA:13,1
DA:15,1
DA:16,1
DA:17,1
DA:19,1
DA:20,1
DA:21,1
DA:23,1
DA:25,1
LF:19
LH:19
BRF:0
BRH:0
end_of_record
TN:
SF:src\controllers\employeeController.js
FN:20,_callee
FN:43,_callee2
FN:71,_callee3
FN:94,_callee4
FNF:4
FNH:4
FNDA:4,_callee
FNDA:20,_callee2
FNDA:13,_callee3
FNDA:17,_callee4
DA:1,1
DA:2,1
DA:3,1
DA:4,1
DA:20,16
DA:22,1
DA:24,0
DA:28,1
DA:31,0
DA:43,100
DA:45,4
DA:46,4
DA:47,4
DA:49,4
DA:50,4
DA:53,0
DA:57,4
DA:58,4
DA:60,0
DA:71,46
DA:73,3
DA:75,2
DA:80,1
DA:83,0
DA:94,74
DA:97,1
DA:101,3
DA:103,1
DA:107,2
DA:108,2
DA:109,2
DA:112,0
DA:118,1
LF:33
LH:27
BRDA:20,0,0,1
BRDA:20,0,1,1
BRDA:20,0,2,1
BRDA:20,0,3,0
BRDA:20,0,4,0
BRDA:20,0,5,1
BRDA:20,1,0,1
BRDA:20,1,1,0
BRDA:43,2,0,4
BRDA:43,2,1,4
BRDA:43,2,2,4
BRDA:43,2,3,4
BRDA:43,2,4,4
BRDA:43,2,5,0
BRDA:43,2,6,4
BRDA:43,2,7,4
BRDA:43,3,0,4
BRDA:43,3,1,0
BRDA:71,4,0,3
BRDA:71,4,1,3
BRDA:71,4,2,1
BRDA:71,4,3,1
BRDA:71,4,4,0
BRDA:71,4,5,0
BRDA:71,4,6,3
BRDA:71,5,0,1
BRDA:71,5,1,2
BRDA:94,6,0,4
BRDA:94,6,1,3
BRDA:94,6,2,3
BRDA:94,6,3,2
BRDA:94,6,4,2
BRDA:94,6,5,0
BRDA:94,6,6,0
BRDA:94,6,7,4
BRDA:94,7,0,5
BRDA:94,7,1,2
BRDA:96,8,0,4
BRDA:96,8,1,4
BRDA:96,8,2,1
BRDA:102,9,0,3
BRDA:102,9,1,2
BRDA:107,10,0,2
BRDA:107,10,1,0
BRDA:107,11,0,2
BRDA:107,11,1,2
BRDA:107,11,2,2
BRDA:107,11,3,2
BRF:48
BRH:38
end_of_record
TN:
SF:src\helpers\employeeHelper.js
FN:18,_callee
FN:29,_callee2
FN:40,_callee3
FN:49,_callee4
FN:60,_callee5
FN:72,_callee6
FN:103,_callee7
FNF:7
FNH:7
FNDA:36,_callee
FNDA:8,_callee2
FNDA:16,_callee3
FNDA:16,_callee4
FNDA:6,_callee5
FNDA:9,_callee6
FNDA:5,_callee7
DA:1,1
DA:2,1
DA:18,99
DA:19,9
DA:29,22
DA:30,2
DA:40,44
DA:41,4
DA:49,44
DA:50,4
DA:60,16
DA:72,33
DA:75,1
DA:78,2
DA:103,16
DA:106,1
DA:108,1
DA:125,1
LF:18
LH:18
BRDA:18,0,0,9
BRDA:18,0,1,9
BRDA:18,0,2,0
BRDA:18,0,3,9
BRDA:29,1,0,2
BRDA:29,1,1,2
BRDA:29,1,2,0
BRDA:29,1,3,2
BRDA:40,2,0,4
BRDA:40,2,1,4
BRDA:40,2,2,0
BRDA:40,2,3,4
BRDA:49,3,0,4
BRDA:49,3,1,4
BRDA:49,3,2,0
BRDA:49,3,3,4
BRDA:60,4,0,2
BRDA:60,4,1,2
BRDA:60,4,2,2
BRDA:72,5,0,2
BRDA:72,5,1,1
BRDA:72,5,2,2
BRDA:72,5,3,2
BRDA:72,5,4,0
BRDA:72,5,5,0
BRDA:72,5,6,2
BRDA:72,6,0,1
BRDA:72,6,1,3
BRDA:81,7,0,2
BRDA:81,7,1,0
BRDA:82,8,0,2
BRDA:82,8,1,0
BRDA:83,9,0,2
BRDA:83,9,1,0
BRDA:84,10,0,2
BRDA:84,10,1,0
BRDA:85,11,0,2
BRDA:85,11,1,2
BRDA:86,12,0,2
BRDA:86,12,1,2
BRDA:87,13,0,2
BRDA:87,13,1,2
BRDA:88,14,0,2
BRDA:88,14,1,0
BRDA:89,15,0,1
BRDA:89,15,1,1
BRDA:103,16,0,1
BRDA:103,16,1,1
BRDA:103,16,2,1
BRDA:103,16,3,1
BRDA:103,16,4,0
BRDA:103,16,5,1
BRDA:103,17,0,0
BRDA:103,17,1,1
BRDA:105,18,0,1
BRDA:105,18,1,0
BRF:56
BRH:42
end_of_record
TN:
SF:src\helpers\paginateHelper.js
FN:12,paginateData
FNF:1
FNH:1
FNDA:4,paginateData
DA:12,4
DA:13,4
DA:14,4
DA:15,4
DA:16,4
DA:17,4
DA:18,4
DA:24,1
LF:8
LH:8
BRDA:14,0,0,4
BRDA:14,0,1,0
BRDA:15,1,0,4
BRDA:15,1,1,0
BRF:4
BRH:2
end_of_record
TN:
SF:src\helpers\responseHelper.js
FN:15,handleSuccess
FN:28,handleError
FN:39,response
FNF:3
FNH:3
FNDA:8,handleSuccess
FNDA:4,handleError
FNDA:12,response
DA:16,8
DA:17,8
DA:18,8
DA:19,8
DA:29,4
DA:30,4
DA:31,4
DA:40,12
DA:41,8
DA:47,4
DA:54,1
LF:11
LH:11
BRDA:40,0,0,8
BRDA:40,0,1,4
BRF:2
BRH:2
end_of_record
TN:
SF:src\middlewares\paginateMiddleware.js
FN:14,paginateData
FNF:1
FNH:1
FNDA:4,paginateData
DA:1,1
DA:2,1
DA:15,4
DA:16,4
DA:17,4
DA:18,3
DA:22,4
DA:23,4
DA:29,4
DA:30,4
DA:31,4
DA:33,0
DA:34,0
DA:38,1
LF:14
LH:12
BRDA:17,0,0,3
BRDA:17,0,1,1
BRDA:22,1,0,4
BRDA:22,1,1,0
BRDA:30,2,0,4
BRDA:30,2,1,0
BRF:6
BRH:4
end_of_record
TN:
SF:src\middlewares\schemaMiddleware.js
FN:14,validateUpdateEmployee
FNF:1
FNH:1
FNDA:4,validateUpdateEmployee
DA:1,1
DA:2,1
DA:3,1
DA:5,1
DA:14,1
DA:15,4
DA:64,4
LF:7
LH:7
BRF:0
BRH:0
end_of_record
TN:
SF:src\middlewares\validateSchema.js
FN:4,validateSchema
FN:8,(anonymous_2)
FNF:2
FNH:1
FNDA:4,validateSchema
FNDA:0,(anonymous_2)
DA:1,1
DA:2,1
DA:4,1
DA:5,4
DA:7,4
DA:8,0
DA:9,0
DA:10,0
DA:13,4
DA:16,1
LF:10
LH:7
BRDA:7,0,0,0
BRDA:7,0,1,4
BRF:2
BRH:1
end_of_record
TN:
SF:src\models\depertmentSchema.js
FNF:0
FNH:0
DA:1,1
DA:3,1
DA:4,1
DA:12,1
LF:4
LH:4
BRF:0
BRH:0
end_of_record
TN:
SF:src\models\employeeSchema.js
FNF:0
FNH:0
DA:1,1
DA:3,1
DA:4,1
DA:19,1
LF:4
LH:4
BRF:0
BRH:0
end_of_record
TN:
SF:src\routes\employeeRoute.js
FNF:0
FNH:0
DA:1,1
DA:2,1
DA:3,1
DA:4,1
DA:5,1
DA:6,1
DA:8,1
DA:9,1
DA:11,1
DA:18,1
LF:10
LH:10
BRF:0
BRH:0
end_of_record
TN:
SF:src\routes\index.js
FNF:0
FNH:0
DA:1,1
DA:2,1
DA:4,1
DA:5,1
DA:7,1
LF:5
LH:5
BRF:0
BRH:0
end_of_record
TN:
SF:src\services\awsUploadFileService.js
FN:16,(anonymous_7)
FN:16,_callee
FN:25,(anonymous_10)
FN:16,awsUploadFileService
FNF:4
FNH:4
FNDA:1,(anonymous_7)
FNDA:12,_callee
FNDA:2,(anonymous_10)
FNDA:4,awsUploadFileService
DA:3,1
DA:4,1
DA:5,1
DA:6,1
DA:7,1
DA:9,1
DA:11,1
DA:16,40
DA:18,2
DA:22,2
DA:23,2
DA:25,2
DA:26,2
DA:27,0
DA:28,0
DA:31,2
DA:32,2
DA:36,1
LF:18
LH:16
BRDA:16,0,0,4
BRDA:16,0,1,2
BRDA:16,0,2,2
BRDA:16,0,3,2
BRDA:16,0,4,4
BRDA:16,1,0,2
BRDA:16,1,1,2
BRDA:26,2,0,0
BRDA:26,2,1,2
BRF:9
BRH:8
end_of_record
